----- Data Log for FMS -----
=== From Lisbon to Paris ===
Lisbon has coordinates 0.676861 -0.159452 and altitude 113.995200m, Paris has coordinates 0.855435 0.044506 and altitude 119.481600m
Position eror: 0.000000
Position eror: 37.066720
Position eror: 107.789086
Position eror: 205.550577
Position eror: 320.885967
Position eror: 442.359234
Position eror: 557.837758
Position eror: 655.861595
Position eror: 726.851923
Position eror: 764.034593
Position eror: 764.037494
Position eror: 727.145301
Position eror: 657.203586
Position eror: 561.191334
Position eror: 448.517813
Position eror: 330.124772
Position eror: 217.480562
Position eror: 121.551543
Position eror: 51.876217
Position eror: 16.107198
Position eror: 16.110002
Position eror: 52.162646
Position eror: 122.865366
Position eror: 220.738971
Position eror: 336.072835
Position eror: 457.443894
Position eror: 572.817027
Position eror: 670.791117
Position eror: 741.780015
Position eror: 778.975565
Position eror: 778.985909
Position eror: 742.098347
Position eror: 672.168890
Position eror: 576.182375
Position eror: 463.550087
Position eror: 345.221472
Position eror: 232.691768
Position eror: 137.001677
Position eror: 67.881371
Position eror: 32.866458
Position eror: 32.871405
Position eror: 68.171705
Position eror: 138.322534
Position eror: 235.962083
Position eror: 351.188436
Position eror: 472.505978
Position eror: 587.851867
Position eror: 685.813180
Position eror: 756.798409
Position eror: 793.997081
Position eror: 794.016872
Position eror: 757.145948
Position eror: 687.242843
Position eror: 591.297460
Position eror: 478.730695
Position eror: 360.511300
Position eror: 248.175530
Position eror: 152.853554
Position eror: 84.412213
Position eror: 50.019044
Position eror: 50.027080
Position eror: 84.708697
Position eror: 154.184722
Position eror: 251.463376
Position eror: 366.504141
Position eror: 487.721423
Position eror: 603.011600
Position eror: 700.943058
Position eror: 771.915401
Position eror: 809.114158
Position eror: 809.145808
Position eror: 772.299550
Position eror: 702.437405
Position eror: 606.556305
Position eror: 494.090640
Position eror: 376.035131
Position eror: 263.977239
Position eror: 169.140426
Position eror: 101.457381
Position eror: 67.637022
Position eror: 67.649308
Position eror: 101.762566
Position eror: 170.484326
Position eror: 267.285966
Position eror: 382.059173
Position eror: 503.124062
Position eror: 618.325950
Position eror: 716.207753
Position eror: 787.156526
Position eror: 824.351839
Position eror: 824.398331
Position eror: 787.586401
Position eror: 717.782639
Position eror: 621.993406
Position eror: 509.670739
Position eror: 391.842139
Position eror: 280.154634
Position eror: 185.921115
Position eror: 119.072786
Position eror: 85.823109
Position eror: 85.840315
Position eror: 119.389384
Position eror: 187.280493
Position eror: 283.487267
Position eror: 397.901862
Position eror: 518.753622
Position eror: 633.828234
Position eror: 731.636408
Position eror: 802.548511
Position eror: 839.736157
Position eror: 839.801330
Position eror: 803.036081
Position eror: 733.313200
Position eror: 637.651744
Position eror: 525.526979
Position eror: 408.008001
Position eror: 296.811785
Position eror: 203.337753
Position eror: 137.458236
Position eror: 104.853782
Position eror: 104.877212
Position eror: 137.780708
Position eror: 204.684992
Position eror: 300.096244

Error at waypoint: 300.096244


=== From Paris to Moscow ===
Paris has coordinates 0.855435 0.044506 and altitude 119.481600m, Moscow has coordinates 0.967066 0.661590 and altitude 179.222400m
Position eror: 300.096244
Position eror: 334.132155
Position eror: 416.917531
Position eror: 557.929735
Position eror: 741.838127
Position eror: 938.067275
Position eror: 1118.736239
Position eror: 1266.321510
Position eror: 1370.975669
Position eror: 1425.900798
Position eror: 1426.326684
Position eror: 1371.554669
Position eror: 1266.823503
Position eror: 1123.130529
Position eror: 955.498414
Position eror: 781.021439
Position eror: 617.327078
Position eror: 481.073046
Position eror: 385.571825
Position eror: 337.639143
Position eror: 337.956829
Position eror: 386.876745
Position eror: 484.410106
Position eror: 624.118826
Position eror: 792.387845
Position eror: 971.636348
Position eror: 1143.202655
Position eror: 1289.517667
Position eror: 1395.896943
Position eror: 1451.959369
Position eror: 1452.562353
Position eror: 1398.184345
Position eror: 1294.761601
Position eror: 1153.047177
Position eror: 987.591854
Position eror: 815.442186
Position eror: 654.576027
Position eror: 521.860471
Position eror: 430.039547
Position eror: 384.550759
Position eror: 384.966488
Position eror: 431.606311
Position eror: 525.524651
Position eror: 661.646635
Position eror: 827.054369
Position eror: 1004.235824
Position eror: 1174.386185
Position eror: 1319.793523
Position eror: 1425.678546
Position eror: 1481.607448
Position eror: 1482.416946
Position eror: 1428.594029
Position eror: 1326.115922
Position eror: 1185.815588
Position eror: 1022.367352
Position eror: 852.971334
Position eror: 695.704770
Position eror: 567.230800
Position eror: 479.436230
Position eror: 436.440879
Position eror: 436.977334
Position eror: 481.354388
Position eror: 571.452241
Position eror: 703.525834
Position eror: 865.537692
Position eror: 1040.193740
Position eror: 1208.596118
Position eror: 1352.883916
Position eror: 1458.160376
Position eror: 1513.920567
Position eror: 1514.972876
Position eror: 1461.815045
Position eror: 1360.474858
Position eror: 1221.879174
Position eror: 1060.838346
Position eror: 894.699558
Position eror: 741.576454
Position eror: 617.778317
Position eror: 534.192261
Position eror: 493.697362
Position eror: 494.382905
Position eror: 536.545868
Position eror: 622.691851
Position eror: 750.324755
Position eror: 908.432918
Position eror: 1080.095674
Position eror: 1246.388920
Position eror: 1389.311374
Position eror: 1493.837660
Position eror: 1549.379536
Position eror: 1550.710522
Position eror: 1498.339953
Position eror: 1398.353578
Position eror: 1261.782827
Position eror: 1103.578684
Position eror: 941.211805
Position eror: 792.745463
Position eror: 673.980601
Position eror: 594.711182
Position eror: 556.698570
Position eror: 557.566492
Position eror: 597.598270
Position eror: 679.742153
Position eror: 802.623253
Position eror: 956.350951
Position eror: 1124.538694
Position eror: 1288.328038
Position eror: 1429.604340
Position eror: 1533.211569
Position eror: 1588.469823
Position eror: 1590.112532
Position eror: 1538.661266
Position eror: 1440.265521
Position eror: 1306.067603
Position eror: 1151.153841
Position eror: 993.077610
Position eror: 849.747175
Position eror: 736.309547
Position eror: 661.420621
Position eror: 625.867425
Position eror: 626.954154
Position eror: 664.946046
Position eror: 743.079320
Position eror: 860.951119
Position eror: 1009.839237
Position eror: 1174.045096
Position eror: 1334.888638
Position eror: 1474.188411
Position eror: 1576.667723
Position eror: 1631.553443
Position eror: 1633.538350
Position eror: 1583.161543
Position eror: 1486.647531
Position eror: 1355.262428
Position eror: 1204.230262
Position eror: 1051.155566
Position eror: 913.704298
Position eror: 806.262231
Position eror: 736.376041
Position eror: 771.749607

Error at waypoint: 771.749607


=== From Moscow to Oslo ===
Moscow has coordinates 0.967066 0.661590 and altitude 179.222400m, Oslo has coordinates 1.050582 0.193739 and altitude 207.568800m
Position eror: 771.749607
Position eror: 760.285665
Position eror: 751.914637
Position eror: 755.406114
Position eror: 772.293315
Position eror: 803.285369
Position eror: 847.212511
Position eror: 896.475281
Position eror: 938.512335
Position eror: 962.287343
Position eror: 962.667127
Position eror: 940.491192
Position eror: 900.993393
Position eror: 852.655710
Position eror: 806.027008
Position eror: 771.074669
Position eror: 753.186620
Position eror: 750.588729
Position eror: 755.880044
Position eror: 760.564794
Position eror: 759.282718
Position eror: 752.057956
Position eror: 744.465678
Position eror: 745.545842
Position eror: 763.344005
Position eror: 799.907193
Position eror: 849.473503
Position eror: 901.159979
Position eror: 943.364575
Position eror: 967.086160
Position eror: 967.611759
Position eror: 945.078407
Position eror: 904.329214
Position eror: 854.124169
Position eror: 805.423787
Position eror: 768.375065
Position eror: 748.474565
Position eror: 744.176631
Position eror: 748.308825
Position eror: 752.458866
Position eror: 751.259935
Position eror: 744.749150
Position eror: 738.540863
Position eror: 741.637043
Position eror: 761.856120
Position eror: 800.863029
Position eror: 852.550232
Position eror: 905.861135
Position eror: 949.166596
Position eror: 973.499783
Position eror: 974.184327
Position eror: 951.370825
Position eror: 909.889688
Position eror: 858.480201
Position eror: 808.122990
Position eror: 769.098915
Position eror: 747.183992
Position eror: 741.166564
Position eror: 744.113237
Position eror: 747.710100
Position eror: 746.614422
Position eror: 740.879132
Position eror: 736.120336
Position eror: 741.246298
Position eror: 763.807191
Position eror: 805.089171
Position eror: 858.685250
Position eror: 913.421423
Position eror: 957.681857
Position eror: 982.554213
Position eror: 983.405093
Position eror: 960.397976
Position eror: 918.344908
Position eror: 865.949095
Position eror: 814.177397
Position eror: 773.391073
Position eror: 749.595791
Position eror: 741.904475
Position eror: 743.659385
Position eror: 746.694737
Position eror: 745.723007
Position eror: 740.812496
Position eror: 737.547002
Position eror: 744.684390
Position eror: 769.464077
Position eror: 812.805456
Position eror: 868.061182
Position eror: 924.000909
Position eror: 969.058861
Position eror: 994.392542
Position eror: 995.415949
Position eror: 972.305378
Position eror: 929.850368
Position eror: 876.704581
Position eror: 823.789305
Position eror: 781.492900
Position eror: 755.995466
Position eror: 746.715102
Position eror: 747.299093
Position eror: 749.778166
Position eror: 748.951841
Position eror: 744.902337
Position eror: 743.144651
Position eror: 752.230422
Position eror: 779.054419
Position eror: 824.193721
Position eror: 880.826186
Position eror: 937.725612
Position eror: 983.410225
Position eror: 1009.120458
Position eror: 1010.321206
Position eror: 987.201759
Position eror: 944.526364
Position eror: 890.888161
Position eror: 837.134127
Position eror: 793.627661
Position eror: 766.663248
Position eror: 755.933414
Position eror: 755.408483
Position eror: 757.358175
Position eror: 756.698657
Position eror: 753.522110
Position eror: 753.236013
Position eror: 764.133931
Position eror: 792.745466
Position eror: 839.345246
Position eror: 897.010058
Position eror: 954.579104
Position eror: 1000.687378
Position eror: 1026.671586
Position eror: 1028.053574
Position eror: 1005.041338
Position eror: 962.380121
Position eror: 908.604217
Position eror: 854.471796
Position eror: 810.278202
Position eror: 782.366450
Position eror: 770.652734
Position eror: 769.452356

Error at waypoint: 769.452356


=== From Oslo to Rome ===
Oslo has coordinates 1.050582 0.193739 and altitude 207.568800m, Rome has coordinates 0.729552 0.213609 and altitude 3.962400m
Position eror: 769.452356
Position eror: 733.393463
Position eror: 612.437494
Position eror: 378.878062
Position eror: 153.144364
Position eror: 376.104123
Position eror: 677.053751
Position eror: 921.304963
Position eror: 1092.118219
Position eror: 1181.628482
Position eror: 1181.842998
Position eror: 1089.922647
Position eror: 914.147235
Position eror: 674.824630
Position eror: 404.168516
Position eror: 182.548217
Position eror: 274.917711
Position eror: 488.700867
Position eror: 657.097001
Position eror: 747.637881
Position eror: 747.863284
Position eror: 657.133567
Position eror: 487.112357
Position eror: 272.498534
Position eror: 197.684116
Position eror: 430.268262
Position eror: 705.682502
Position eror: 947.034878
Position eror: 1123.568843
Position eror: 1216.456054
Position eror: 1216.675605
Position eror: 1125.010403
Position eror: 951.778575
Position eror: 716.431065
Position eror: 449.507790
Position eror: 221.458669
Position eror: 262.781505
Position eror: 462.146347
Position eror: 626.712713
Position eror: 715.911406
Position eror: 716.176737
Position eror: 626.966852
Position eror: 461.335808
Position eror: 262.775035
Position eror: 236.665407
Position eror: 474.147471
Position eror: 747.512665
Position eror: 987.497650
Position eror: 1163.229346
Position eror: 1255.741811
Position eror: 1255.955356
Position eror: 1164.640723
Position eror: 992.152872
Position eror: 758.046217
Position eror: 492.835015
Position eror: 260.378919
Position eror: 257.544353
Position eror: 438.403553
Position eror: 597.995788
Position eror: 685.587018
Position eror: 685.880464
Position eror: 598.359966
Position eror: 437.939253
Position eror: 258.948393
Position eror: 275.709139
Position eror: 517.186410
Position eror: 789.001116
Position eror: 1027.838672
Position eror: 1202.878812
Position eror: 1295.054737

Error at waypoint: 1295.054737


=== From Rome to Madrid ===
Rome has coordinates 0.729552 0.213609 and altitude 3.962400m, Madrid has coordinates 0.706368 -0.062180 and altitude 608.990400m
Position eror: 1295.054737
Position eror: 1279.783109
Position eror: 1268.675738
Position eror: 1270.323239
Position eror: 1281.049770
Position eror: 1301.262928
Position eror: 1334.016706
Position eror: 1375.700260
Position eror: 1413.824379
Position eror: 1435.267389
Position eror: 1434.044506
Position eror: 1411.712979
Position eror: 1374.432707
Position eror: 1331.102222
Position eror: 1292.059528
Position eror: 1266.256763
Position eror: 1257.454233
Position eror: 1262.514469
Position eror: 1273.511810
Position eror: 1281.967128
Position eror: 1282.573668
Position eror: 1275.204069
Position eror: 1265.018483
Position eror: 1260.558292
Position eror: 1269.962371
Position eror: 1296.654789
Position eror: 1337.037549
Position eror: 1381.747361
Position eror: 1419.367115
Position eror: 1440.260733
Position eror: 1439.145083
Position eror: 1416.209749
Position eror: 1376.994593
Position eror: 1331.102444
Position eror: 1289.665291
Position eror: 1261.773241
Position eror: 1251.065053
Position eror: 1254.504559
Position eror: 1264.386976
Position eror: 1272.326233
Position eror: 1272.997294
Position eror: 1266.269095
Position eror: 1257.329024
Position eror: 1254.692207
Position eror: 1266.341933
Position eror: 1295.425131
Position eror: 1338.034880
Position eror: 1384.565664
Position eror: 1423.462836
Position eror: 1445.036927
Position eror: 1443.996218
Position eror: 1420.537439
Position eror: 1380.217904
Position eror: 1332.691003
Position eror: 1289.214494
Position eror: 1259.107080
Position eror: 1246.303856
Position eror: 1248.035767
Position eror: 1256.758014
Position eror: 1264.141469
Position eror: 1264.871204
Position eror: 1258.823420
Position eror: 1251.187763
Position eror: 1250.427079
Position eror: 1264.356650
Position eror: 1295.838010
Position eror: 1340.651810
Position eror: 1388.960735
Position eror: 1429.093577
Position eror: 1451.325535
Position eror: 1450.363224
Position eror: 1426.407156
Position eror: 1385.021971
Position eror: 1335.895623
Position eror: 1290.391333
Position eror: 1258.039410
Position eror: 1243.069695
Position eror: 1242.998857
Position eror: 1250.471540
Position eror: 1257.242482
Position eror: 1258.024082
Position eror: 1252.706164
Position eror: 1246.475677
Position eror: 1247.726352
Position eror: 1264.081032
Position eror: 1298.095522
Position eror: 1345.232692
Position eror: 1395.432151
Position eror: 1436.921079

Error at waypoint: 1436.921079


=== From Madrid to Funchal ===
Madrid has coordinates 0.706368 -0.062180 and altitude 608.990400m, Funchal has coordinates 0.570686 -0.292770 and altitude 58.521600m
Position eror: 1436.921079
Position eror: 1472.785837
Position eror: 1549.936561
Position eror: 1670.267755
Position eror: 1823.691217
Position eror: 1990.509141
Position eror: 2149.494607
Position eror: 2283.443806
Position eror: 2379.887838
Position eror: 2430.041271
Position eror: 2428.841207
Position eror: 2376.108294
Position eror: 2277.355584
Position eror: 2143.320320
Position eror: 1988.434425
Position eror: 1828.893045
Position eror: 1680.701574
Position eror: 1557.800095
Position eror: 1470.550721
Position eror: 1425.201727
Position eror: 1424.566771
Position eror: 1469.000409
Position eror: 1556.315795
Position eror: 1680.591005
Position eror: 1831.260257
Position eror: 1993.637358
Position eror: 2150.761061
Position eror: 2285.772735
Position eror: 2384.150858
Position eror: 2435.449379
Position eror: 2434.403912
Position eror: 2381.382361
Position eror: 2282.218664
Position eror: 2147.499904
Position eror: 1991.382984
Position eror: 1830.009914
Position eror: 1679.610947
Position eror: 1554.506484
Position eror: 1465.479384
Position eror: 1419.159404
Position eror: 1418.601277
Position eror: 1464.159024
Position eror: 1553.392124
Position eror: 1679.982272
Position eror: 1832.982470
Position eror: 1997.443290
Position eror: 2156.272715
Position eror: 2292.575422
Position eror: 2391.839881
Position eror: 2443.642629
Position eror: 2442.736682
Position eror: 2389.496207
Position eror: 2289.750938
Position eror: 2154.078978
Position eror: 1996.636713
Position eror: 1833.599715
Position eror: 1681.305264
Position eror: 1554.294083
Position eror: 1463.684765
Position eror: 1416.478682
Position eror: 1415.986733
Position eror: 1462.572952
Position eror: 1553.552871
Position eror: 1682.233660
Position eror: 1837.321694
Position eror: 2003.638802
Position eror: 2163.984674
Position eror: 2301.435255
Position eror: 2401.488052
Position eror: 2453.738654
Position eror: 2452.954861
Position eror: 2399.515575
Position eror: 2299.244849
Position eror: 2162.709391
Position eror: 2004.060580
Position eror: 1839.499053
Position eror: 1685.454407
Position eror: 1556.666638
Position eror: 1464.567829
Position eror: 1416.517206
Position eror: 1416.084161
Position eror: 1463.665215
Position eror: 1556.405695

Error at waypoint: 1556.405695


=== From Funchal to Ponta Delgada ===
Funchal has coordinates 0.570686 -0.292770 and altitude 58.521600m, Ponta Delgada has coordinates 0.658708 -0.448513 and altitude 78.943200m
Position eror: 1556.405695
Position eror: 1540.948238
Position eror: 1514.544549
Position eror: 1493.339536
Position eror: 1502.663249
Position eror: 1554.734169
Position eror: 1637.697575
Position eror: 1727.270476
Position eror: 1800.384624
Position eror: 1840.003790
Position eror: 1836.469753
Position eror: 1789.300364
Position eror: 1708.336713
Position eror: 1612.404236
Position eror: 1524.857770
Position eror: 1466.113021
Position eror: 1445.068876
Position eror: 1454.920229
Position eror: 1477.749237
Position eror: 1494.441096
Position eror: 1493.147025
Position eror: 1473.541711
Position eror: 1447.172523
Position eror: 1433.679908
Position eror: 1452.054546
Position eror: 1509.582023
Position eror: 1596.508706
Position eror: 1690.974481
Position eror: 1768.743489
Position eror: 1810.782275
Position eror: 1807.045651
Position eror: 1757.712676
Position eror: 1672.964523
Position eror: 1571.472401
Position eror: 1476.805467
Position eror: 1410.564768
Position eror: 1383.258710
Position eror: 1388.961443
Position eror: 1409.571780
Position eror: 1425.379890
Position eror: 1424.169030
Position eror: 1405.751380
Position eror: 1383.566351

Error at waypoint: 1383.566351


=== From Ponta Delgada to New York ===
Ponta Delgada has coordinates 0.658708 -0.448513 and altitude 78.943200m, New York has coordinates 0.709298 -1.287685 and altitude 3.962400m
Position eror: 1383.566351
Position eror: 1391.750058
Position eror: 1433.120986
Position eror: 1563.448442
Position eror: 1819.138204
Position eror: 2158.310524
Position eror: 2503.123797
Position eror: 2796.536282
Position eror: 3007.421982
Position eror: 3116.246622
Position eror: 3109.540165
Position eror: 2984.483189
Position eror: 2754.098375
Position eror: 2447.226123
Position eror: 2104.436270
Position eror: 1773.019325
Position eror: 1500.278127
Position eror: 1319.420308
Position eror: 1230.179101
Position eror: 1200.064252
Position eror: 1197.456541
Position eror: 1222.131336
Position eror: 1306.556415
Position eror: 1485.719773
Position eror: 1760.709595
Position eror: 2095.803112
Position eror: 2440.112983
Position eror: 2744.376645
Position eror: 2968.406357
Position eror: 3084.339382
Position eror: 3078.230912
Position eror: 2950.541318
Position eror: 2715.629356
Position eror: 2400.410466
Position eror: 2042.392460
Position eror: 1687.020979
Position eror: 1382.810080
Position eror: 1169.349807
Position eror: 1056.023471
Position eror: 1014.818757
Position eror: 1012.690536
Position eror: 1049.526552
Position eror: 1159.418247
Position eror: 1372.639929
Position eror: 1680.239983
Position eror: 2040.644551
Position eror: 2402.631281
Position eror: 2718.560761
Position eror: 2949.823169
Position eror: 3069.606463
Position eror: 3064.496912
Position eror: 2935.036922
Position eror: 2695.233090
Position eror: 2371.150118
Position eror: 1998.846090
Position eror: 1621.841433
Position eror: 1287.517232
Position eror: 1038.889006
Position eror: 895.831940
Position eror: 839.454675
Position eror: 837.719407
Position eror: 890.748819
Position eror: 1032.011927
Position eror: 1282.378369
Position eror: 1621.798603
Position eror: 2005.191620
Position eror: 2382.676768
Position eror: 2708.731189
Position eror: 2946.330902
Position eror: 3069.632129
Position eror: 3065.708589
Position eror: 2935.207933
Position eror: 2691.877500
Position eror: 2361.088110
Position eror: 1977.613463
Position eror: 1582.956701
Position eror: 1222.216088
Position eror: 938.789345
Position eror: 761.258166
Position eror: 684.615997
Position eror: 683.152640
Position eror: 757.370894
Position eror: 934.780985
Position eror: 1221.806326
Position eror: 1589.200898
Position eror: 1991.570039
Position eror: 2381.513483
Position eror: 2715.673076
Position eror: 2958.420447
Position eror: 3084.718280
Position eror: 3082.045381
Position eror: 2951.155390
Position eror: 2705.623709
Position eror: 2370.312707
Position eror: 1978.995809
Position eror: 1571.427802
Position eror: 1190.073374
Position eror: 876.072432
Position eror: 660.289513

Error at waypoint: 660.289513


=== From New York to Halifax ===
New York has coordinates 0.709298 -1.287685 and altitude 3.962400m, Halifax has coordinates 0.783318 -1.108434 and altitude 145.389600m
Position eror: 660.289513
Position eror: 537.171541
Position eror: 343.555561
Position eror: 184.115832
Position eror: 276.221280
Position eror: 514.515316
Position eror: 774.827310
Position eror: 1012.606667
Position eror: 1190.905044
Position eror: 1284.549450
Position eror: 1283.930062
Position eror: 1191.954170
Position eror: 1019.690155
Position eror: 784.568904
Position eror: 511.231833
Position eror: 240.274663
Position eror: 160.996464
Position eror: 352.038687
Position eror: 517.504213
Position eror: 607.017095
Position eror: 607.482499
Position eror: 518.420842
Position eror: 352.658855
Position eror: 165.660333
Position eror: 256.656516
Position eror: 533.454246
Position eror: 813.546434
Position eror: 1054.379875
Position eror: 1229.507007
Position eror: 1321.183379
Position eror: 1320.657958
Position eror: 1228.540111
Position eror: 1054.463819
Position eror: 816.023553

Error at waypoint: 816.023553


=== From Halifax to London ===
Halifax has coordinates 0.783318 -1.108434 and altitude 145.389600m, London has coordinates 0.898331 -0.008062 and altitude 25.298400m
Position eror: 816.023553
Position eror: 903.602196
Position eror: 1022.549563
Position eror: 1116.826896
Position eror: 1184.668746
Position eror: 1254.186636
Position eror: 1340.670512
Position eror: 1432.694287
Position eror: 1506.696934
Position eror: 1545.657978
Position eror: 1545.323465
Position eror: 1509.437118
Position eror: 1443.631486
Position eror: 1353.682730
Position eror: 1246.954880
Position eror: 1133.442560
Position eror: 1024.813911
Position eror: 932.353524
Position eror: 865.267345
Position eror: 829.909142
Position eror: 829.610275
Position eror: 864.615841
Position eror: 931.944641
Position eror: 1025.376116
Position eror: 1135.864340
Position eror: 1252.445041
Position eror: 1363.452008
Position eror: 1457.800841
Position eror: 1526.157876
Position eror: 1561.876007
Position eror: 1561.618731
Position eror: 1525.626358
Position eror: 1457.618728
Position eror: 1364.369734
Position eror: 1255.017977
Position eror: 1140.188209
Position eror: 1030.997556
Position eror: 938.020445
Position eror: 870.297451
Position eror: 834.488473
Position eror: 834.257642
Position eror: 869.914809
Position eror: 938.300866
Position eror: 1032.961125
Position eror: 1144.688790
Position eror: 1262.437071
Position eror: 1374.485145
Position eror: 1469.691773
Position eror: 1538.669375
Position eror: 1574.736505
Position eror: 1574.548449
Position eror: 1538.358334
Position eror: 1469.912039
Position eror: 1376.019198
Position eror: 1265.864542
Position eror: 1150.132067
Position eror: 1040.015455
Position eror: 946.188360
Position eror: 877.813606
Position eror: 841.676763
Position eror: 841.524113
Position eror: 877.658458
Position eror: 946.826298
Position eror: 1042.440162
Position eror: 1155.170676
Position eror: 1273.877670
Position eror: 1386.773777
Position eror: 1482.670753
Position eror: 1552.149079
Position eror: 1588.508987
Position eror: 1588.401001
Position eror: 1552.086794
Position eror: 1483.333233
Position eror: 1388.981758
Position eror: 1278.258094
Position eror: 1161.895739
Position eror: 1051.147213
Position eror: 956.756576
Position eror: 887.967429
Position eror: 851.643496
Position eror: 851.578689
Position eror: 888.067723
Position eror: 957.796302
Position eror: 1054.092910
Position eror: 1167.548816
Position eror: 1286.960007
Position eror: 1400.490122
Position eror: 1496.913867
Position eror: 1566.785341
Position eror: 1603.389391
Position eror: 1603.372761
Position eror: 1567.005131
Position eror: 1498.072399
Position eror: 1403.444463
Position eror: 1292.382811
Position eror: 1175.661471
Position eror: 1064.575796
Position eror: 969.912081
Position eror: 900.951634
Position eror: 864.585511
Position eror: 864.618083
Position eror: 901.334856
Position eror: 971.397034
Position eror: 1068.100883
Position eror: 1182.003250
Position eror: 1301.865912
Position eror: 1415.820076
Position eror: 1512.611826
Position eror: 1582.773052
Position eror: 1619.575062
Position eror: 1619.661358
Position eror: 1583.309135
Position eror: 1514.321971
Position eror: 1419.595918
Position eror: 1308.424100
Position eror: 1191.613190
Position eror: 1080.485682
Position eror: 985.841460
Position eror: 916.955293
Position eror: 880.693411
Position eror: 880.832613
Position eror: 917.648347
Position eror: 987.814440
Position eror: 1084.647959
Position eror: 1198.717250
Position eror: 1318.779837
Position eror: 1432.950613
Position eror: 1529.954682
Position eror: 1600.304945
Position eror: 1637.260326
Position eror: 1637.461194
Position eror: 1601.191824
Position eror: 1532.272570
Position eror: 1437.623955
Position eror: 1326.567298
Position eror: 1209.934322
Position eror: 1099.058881
Position eror: 1004.725271
Position eror: 936.157094
Position eror: 900.144189
Position eror: 900.398902
Position eror: 937.185961
Position eror: 1007.228041
Position eror: 1103.915243
Position eror: 1217.873324
Position eror: 1337.885851
Position eror: 1452.067727
Position eror: 1549.130469
Position eror: 1619.570723
Position eror: 1656.635756
Position eror: 1656.962675
Position eror: 1620.842423
Position eror: 1552.111445
Position eror: 1457.713363
Position eror: 1346.994398
Position eror: 1230.803590
Position eror: 1120.469738
Position eror: 1026.731882
Position eror: 958.718567
Position eror: 923.094286
Position eror: 923.472937
Position eror: 960.108079
Position eror: 1029.804825
Position eror: 1126.075666
Position eror: 1239.648687
Position eror: 1359.364107
Position eror: 1473.353681
Position eror: 1570.322996
Position eror: 1640.755239
Position eror: 1677.886543
Position eror: 1678.350545
Position eror: 1642.444394
Position eror: 1574.020014
Position eror: 1480.042754
Position eror: 1369.880169
Position eror: 1254.390187
Position eror: 1144.879264
Position eror: 1052.011256
Position eror: 984.777698
Position eror: 949.673154
Position eror: 950.183572
Position eror: 986.551127
Position eror: 1055.692754
Position eror: 1151.288066
Position eror: 1264.210097
Position eror: 1383.386385
Position eror: 1496.983240
Position eror: 1593.708752
Position eror: 1664.035758
Position eror: 1701.189946
Position eror: 1701.801255
Position eror: 1666.172580
Position eror: 1598.170569
Position eror: 1504.780616
Position eror: 1395.387430
Position eror: 1280.848357
Position eror: 1172.429188
Position eror: 1080.688854
Position eror: 1014.442890
Position eror: 979.977600
Position eror: 980.626857
Position eror: 1016.621585
Position eror: 1085.014535
Position eror: 1179.690938
Position eror: 1291.708041
Position eror: 1410.110919
Position eror: 1523.119170
Position eror: 1619.452843
Position eror: 1689.578281
Position eror: 1726.711768
Position eror: 1727.479457
Position eror: 1692.189436
Position eror: 1624.722108
Position eror: 1532.080674
Position eror: 1423.661859
Position eror: 1310.311685
Position eror: 1203.235994
Position eror: 1112.859782
Position eror: 1047.787837
Position eror: 1014.067018
Position eror: 1014.861305
Position eror: 1050.390631
Position eror: 1117.861636
Position eror: 1211.396209
Position eror: 1322.270619
Position eror: 1439.676750
Position eror: 1551.907032
Position eror: 1647.704252
Position eror: 1717.533108
Position eror: 1754.602104
Position eror: 1755.533712
Position eror: 1720.640622
Position eror: 1653.815609
Position eror: 1562.076738
Position eror: 1454.826431
Position eror: 1342.887322
Position eror: 1237.385259
Position eror: 1148.583799
Position eror: 1084.847326
Position eror: 1051.959970
Position eror: 1052.904407
Position eror: 1087.889966
Position eror: 1154.289072
Position eror: 1246.483348
Position eror: 1355.997475
Position eror: 1472.197724
Position eror: 1583.469570
Position eror: 1678.590622
Position eror: 1748.029926
Position eror: 1784.990563
Position eror: 1786.091746
Position eror: 1751.650097
Position eror: 1685.568951
Position eror: 1594.877386
Position eror: 1488.975970
Position eror: 1378.650597
Position eror: 1274.926770
Position eror: 1187.881326
Position eror: 1125.614394
Position eror: 1093.632140
Position eror: 1094.730546
Position eror: 1129.108904
Position eror: 1194.311391
Position eror: 1284.994320
Position eror: 1392.954208
Position eror: 1507.756860
Position eror: 1617.901180
Position eror: 1712.212906
Position eror: 1781.172664
Position eror: 1817.981285
Position eror: 1819.255541
Position eror: 1785.315238
Position eror: 1720.071933
Position eror: 1630.560935
Position eror: 1526.172204
Position eror: 1417.640494
Position eror: 1315.870843
Position eror: 1230.730977
Position eror: 1170.039125
Position eror: 1139.015940
Position eror: 1140.270675
Position eror: 1173.993209
Position eror: 1237.900170
Position eror: 1326.929908
Position eror: 1433.167818
Position eror: 1546.401328
Position eror: 1655.262800
Position eror: 1748.640352
Position eror: 1817.034608
Position eror: 1853.648197
Position eror: 1855.096657
Position eror: 1821.702178
Position eror: 1757.381703
Position eror: 1669.171099
Position eror: 1566.439828
Position eror: 1459.856453
Position eror: 1360.186269
Position eror: 1277.068965
Position eror: 1218.029407
Position eror: 1188.002025
Position eror: 1189.413797
Position eror: 1222.445842
Position eror: 1284.983565
Position eror: 1372.247804
Position eror: 1476.623674
Position eror: 1588.138665
Position eror: 1695.577704
Position eror: 1787.906146
Position eror: 1855.654019
Position eror: 1892.030650
Position eror: 1893.651996
Position eror: 1860.841796
Position eror: 1797.519070
Position eror: 1710.713718
Position eror: 1609.764030
Position eror: 1505.257087
Position eror: 1407.800520
Position eror: 1326.790899
Position eror: 1269.454083
Position eror: 1240.443322
Position eror: 1242.011089
Position eror: 1274.330381
Position eror: 1335.448328
Position eror: 1420.863058
Position eror: 1523.264397
Position eror: 1632.934462
Position eror: 1738.828373
Position eror: 1830.003738
Position eror: 1897.030209
Position eror: 1933.129481
Position eror: 1934.919996
Position eror: 1902.726229
Position eror: 1840.465595
Position eror: 1755.154912
Position eror: 1656.090055
Position eror: 1553.761567
Position eror: 1458.603345
Position eror: 1379.757588
Position eror: 1324.150528
Position eror: 1296.163511
Position eror: 1297.884475
Position eror: 1329.478783
Position eror: 1389.145936
Position eror: 1472.651858
Position eror: 1572.991145
Position eror: 1680.711325
Position eror: 1784.953541
Position eror: 1874.882517
Position eror: 1941.118334
Position eror: 1976.901413
Position eror: 1978.855260
Position eror: 1947.304406
Position eror: 1886.160810
Position eror: 1802.420789
Position eror: 1705.326434
Position eror: 1605.257307
Position eror: 1512.459408
Position eror: 1435.812558
Position eror: 1381.946092
Position eror: 1354.980898
Position eror: 1356.850755
Position eror: 1387.713355
Position eror: 1445.909988
Position eror: 1527.462467
Position eror: 1625.666960
Position eror: 1731.344444
Position eror: 1833.836633
Position eror: 1922.430276
Position eror: 1987.807581
Position eror: 2023.235216
Position eror: 2025.345455
Position eror: 1994.463266
Position eror: 1934.492285
Position eror: 1852.401884
Position eror: 1757.370049
Position eror: 1659.652049
Position eror: 1569.292682
Position eror: 1494.900788
Position eror: 1442.808081
Position eror: 1416.879174
Position eror: 1418.894598
Position eror: 1448.995144
Position eror: 1505.644919
Position eror: 1585.098214

Error at waypoint: 1585.098214


=== From London to Lisbon ===
London has coordinates 0.898331 -0.008062 and altitude 25.298400m, Lisbon has coordinates 0.676861 -0.159452 and altitude 113.995200m
Position eror: 1585.098214
Position eror: 1559.557581
Position eror: 1522.592990
Position eror: 1489.540163
Position eror: 1461.496804
Position eror: 1432.854116
Position eror: 1401.698530
Position eror: 1372.197485
Position eror: 1350.321821
Position eror: 1339.689408
Position eror: 1340.934575
Position eror: 1353.181610
Position eror: 1375.278028
Position eror: 1405.917846
Position eror: 1443.092144
Position eror: 1483.682167
Position eror: 1523.643632
Position eror: 1558.655001
Position eror: 1584.837140
Position eror: 1599.290535
Position eror: 1600.433911
Position eror: 1588.202093
Position eror: 1564.094566
Position eror: 1531.012075
Position eror: 1492.851654
Position eror: 1453.917918
Position eror: 1418.288387
Position eror: 1389.301358
Position eror: 1369.295360
Position eror: 1359.621757
Position eror: 1360.822576
Position eror: 1372.796736
Position eror: 1394.824439
Position eror: 1425.450879
Position eror: 1462.351731
Position eror: 1502.332747
Position eror: 1541.549825
Position eror: 1575.932675
Position eror: 1601.721505
Position eror: 1616.003444
Position eror: 1617.149285
Position eror: 1605.077015
Position eror: 1581.294152
Position eror: 1548.698440
Position eror: 1511.152729
Position eror: 1472.900665
Position eror: 1437.945735
Position eror: 1409.550382
Position eror: 1389.983906
Position eror: 1380.544037
Position eror: 1381.743657
Position eror: 1393.482789
Position eror: 1415.073152
Position eror: 1445.116184
Position eror: 1481.358064
Position eror: 1520.677052
Position eror: 1559.293124
Position eror: 1593.185830
Position eror: 1618.629905
Position eror: 1632.733715
Position eror: 1633.878704
Position eror: 1621.984540
Position eror: 1598.550942
Position eror: 1566.455729
Position eror: 1529.526257
Position eror: 1491.953030
Position eror: 1457.671069
Position eror: 1429.866898
Position eror: 1410.738642
Position eror: 1401.530042
Position eror: 1402.726125
Position eror: 1414.228944
Position eror: 1435.381053
Position eror: 1464.838227
Position eror: 1500.415395
Position eror: 1539.062891
Position eror: 1577.065939
Position eror: 1610.456087
Position eror: 1635.544950
Position eror: 1649.463912
Position eror: 1650.605979
Position eror: 1638.892310
Position eror: 1615.813586
Position eror: 1584.225651
Position eror: 1547.918002
Position eror: 1511.026153
Position eror: 1477.415915
Position eror: 1450.198633
Position eror: 1431.503127
Position eror: 1422.521278
Position eror: 1423.711703
Position eror: 1434.978572
Position eror: 1455.694115
Position eror: 1484.566588
Position eror: 1519.478043
Position eror: 1557.450176
Position eror: 1594.833905
Position eror: 1627.714132
Position eror: 1652.441007
Position eror: 1666.170393
Position eror: 1667.307597
Position eror: 1655.775160
Position eror: 1633.053678
Position eror: 1601.975405
Position eror: 1566.290230
Position eror: 1530.077431
Position eror: 1497.133450
Position eror: 1470.495536
Position eror: 1452.225218
Position eror: 1443.464698
Position eror: 1444.647509
Position eror: 1455.680030
Position eror: 1475.962952
Position eror: 1504.255114
Position eror: 1538.503868
Position eror: 1575.801239
Position eror: 1612.563808
Position eror: 1644.930670
Position eror: 1669.291732
Position eror: 1682.828434
Position eror: 1683.958994
Position eror: 1672.607188
Position eror: 1650.242755
Position eror: 1619.673085
Position eror: 1584.607200
Position eror: 1549.067389
Position eror: 1516.780974
Position eror: 1490.712520
Position eror: 1472.858368
Position eror: 1464.313115
Position eror: 1465.486528
Position eror: 1476.287224
Position eror: 1496.143166
Position eror: 1523.861849
Position eror: 1557.454019
Position eror: 1594.080696
Position eror: 1630.223775
Position eror: 1662.076938
Position eror: 1686.070715
Position eror: 1699.412937
Position eror: 1700.535193
Position eror: 1689.362409
Position eror: 1667.352824
Position eror: 1637.288020
Position eror: 1602.835260
Position eror: 1567.959523
Position eror: 1536.319624
Position eror: 1510.808993
Position eror: 1493.360950
Position eror: 1485.024515
Position eror: 1486.186913
Position eror: 1496.758976
Position eror: 1516.194797
Position eror: 1543.348643
Position eror: 1576.292643
Position eror: 1612.255365
Position eror: 1647.783330
Position eror: 1679.124916
Position eror: 1702.751787
Position eror: 1715.898793
Position eror: 1717.011202
Position eror: 1706.015044
Position eror: 1684.356560
Position eror: 1654.790818
Position eror: 1620.942772
Position eror: 1586.720111
Position eror: 1555.713969
Position eror: 1530.748360
Position eror: 1513.695718
Position eror: 1505.561440
Position eror: 1506.711318
Position eror: 1517.058414
Position eror: 1536.081822
Position eror: 1562.680720
Position eror: 1594.986649
Position eror: 1630.294116
Position eror: 1665.213394
Position eror: 1696.047380
Position eror: 1719.309184
Position eror: 1732.261043
Position eror: 1733.362198
Position eror: 1722.539672
Position eror: 1701.227365
Position eror: 1672.153366
Position eror: 1638.900018
Position eror: 1605.317959
Position eror: 1574.931705
Position eror: 1550.497616
Position eror: 1533.829341
Position eror: 1525.890496
Position eror: 1527.026479
Position eror: 1537.152567
Position eror: 1555.771761
Position eror: 1581.826389
Position eror: 1613.505433
Position eror: 1648.167685
Position eror: 1682.486142
Position eror: 1712.817872
Position eror: 1735.717489
Position eror: 1748.474907
Position eror: 1749.563480
Position eror: 1738.911207
Position eror: 1717.939370
Position eror: 1689.348776
Position eror: 1656.679080
Position eror: 1623.724324
Position eror: 1593.943566
Position eror: 1570.027274
Position eror: 1553.732347
Position eror: 1545.982308
Position eror: 1547.103142
Position eror: 1557.012252
Position eror: 1575.235571
Position eror: 1600.756868
Position eror: 1631.820670
Position eror: 1665.848411
Position eror: 1699.574707
Position eror: 1729.410285
Position eror: 1751.951243
Position eror: 1764.515303
Position eror: 1765.590075
Position eror: 1755.104495
Position eror: 1734.467087
Position eror: 1706.351192
Position eror: 1674.253872
Position eror: 1641.913131
Position eror: 1612.723769
Position eror: 1589.312058
Position eror: 1573.379999
Position eror: 1565.812552
Position eror: 1566.917091
Position eror: 1576.613038
Position eror: 1594.448298
Position eror: 1619.446572
Position eror: 1649.906136
Position eror: 1683.309521
Position eror: 1716.451910
Position eror: 1745.797186
Position eror: 1767.982855
Position eror: 1780.354600
Position eror: 1781.414444
Position eror: 1771.092341
Position eror: 1750.784022
Position eror: 1723.135356
Position eror: 1691.600976
Position eror: 1659.863414
Position eror: 1631.254207
Position eror: 1608.336815
Position eror: 1592.759668
Position eror: 1585.370166
Position eror: 1586.457385
Position eror: 1595.942417
Position eror: 1613.394105
Position eror: 1637.874652
Position eror: 1667.734716
Position eror: 1700.516789
Position eror: 1733.076123
Position eror: 1761.929877
Position eror: 1783.757682
Position eror: 1795.934453
Position eror: 1796.978581
Position eror: 1786.824637

Error at waypoint: 1786.824637


