----- Data Log for FMS -----
=== From Lisbon to Paris ===
Lisbon has coordinates 0.676861 -0.159452 and altitude 113.995200m, Paris has coordinates 0.855435 0.044506 and altitude 119.481600m
Position eror: 0.000000
Position eror: 37.082055
Position eror: 107.616422
Position eror: 204.698709
Position eror: 318.825774
Position eror: 438.826191
Position eror: 552.953426
Position eror: 650.035975
Position eror: 720.570732
Position eror: 757.653289
Position eror: 757.653765
Position eror: 720.572170
Position eror: 650.038305
Position eror: 552.956575
Position eror: 438.830002
Position eror: 318.830144
Position eror: 204.703469
Position eror: 107.621486
Position eror: 37.087352
Position eror: 0.000000
Position eror: 0.000000
Position eror: 37.087269
Position eror: 107.621548
Position eror: 204.703639
Position eror: 318.830472
Position eror: 438.830577
Position eror: 552.957478
Position eror: 650.039656
Position eror: 720.574022
Position eror: 757.656201
Position eror: 757.656348
Position eror: 720.574433
Position eror: 650.040314
Position eror: 552.958370
Position eror: 438.831694
Position eror: 318.831763
Position eror: 204.705010
Position eror: 107.622951
Position eror: 37.088731
Position eror: 0.000000
Position eror: 0.095041
Position eror: 37.088743
Position eror: 107.623006
Position eror: 204.705067
Position eror: 318.831829
Position eror: 438.831829
Position eror: 552.958631
Position eror: 650.040685
Position eror: 720.574940
Position eror: 757.657011
Position eror: 757.657046
Position eror: 720.575057
Position eror: 650.040868
Position eror: 552.958875
Position eror: 438.832149
Position eror: 318.832207
Position eror: 204.705458
Position eror: 107.623432
Position eror: 37.089387
Position eror: 0.000000
Position eror: 0.095041
Position eror: 37.089390
Position eror: 107.623490
Position eror: 204.705478
Position eror: 318.832221
Position eror: 438.832180
Position eror: 552.958935
Position eror: 650.040948
Position eror: 720.575174
Position eror: 757.657199
Position eror: 757.657217
Position eror: 720.575208
Position eror: 650.041006
Position eror: 552.959021
Position eror: 438.832294
Position eror: 318.832334
Position eror: 204.705632
Position eror: 107.623726
Position eror: 37.089644
Position eror: 0.164616
Position eror: 0.164616
Position eror: 37.089767
Position eror: 107.623689
Position eror: 204.705644
Position eror: 318.832359
Position eror: 438.832284
Position eror: 552.959018
Position eror: 650.041001
Position eror: 720.575204
Position eror: 757.657221
Position eror: 757.657230
Position eror: 720.575226
Position eror: 650.041037
Position eror: 552.959053
Position eror: 438.832354
Position eror: 318.832432
Position eror: 204.705789
Position eror: 107.623906
Position eror: 37.090257
Position eror: 0.251456
Position eror: 0.232803
Position eror: 37.090379
Position eror: 107.623949
Position eror: 204.705770
Position eror: 318.832425
Position eror: 438.832345
Position eror: 552.959038
Position eror: 650.041013
Position eror: 720.575195
Position eror: 757.657220
Position eror: 757.657221
Position eror: 720.575211
Position eror: 650.041032
Position eror: 552.959084
Position eror: 438.832412
Position eror: 318.832543
Position eror: 204.705950
Position eror: 107.624287
Position eror: 37.091354
Position eror: 0.380166
Position eror: 0.368094
Position eror: 37.091354
Position eror: 107.624288
Position eror: 204.705951
Position eror: 318.832531
Position eror: 438.832395
Position eror: 552.959081
Position eror: 650.041025
Position eror: 720.575207
Position eror: 757.657208
Position eror: 757.657220
Position eror: 720.575221
Position eror: 650.041075
Position eror: 552.959132
Position eror: 438.832520
Position eror: 318.832702
Position eror: 204.706239
Position eror: 107.624876
Position eror: 37.092816
Position eror: 0.502912
Position eror: 0.502912
Position eror: 37.092937
Position eror: 107.624834
Position eror: 204.706240
Position eror: 318.832717
Position eror: 438.832511
Position eror: 552.959133
Position eror: 650.041070
Position eror: 720.575230
Position eror: 757.657235
Position eror: 757.657247
Position eror: 720.575261
Position eror: 650.041126
Position eror: 552.959248
Position eror: 438.832676
Position eror: 318.832958
Position eror: 204.706681
Position eror: 107.625715
Position eror: 37.095251
Position eror: 0.658466
Position eror: 0.665290
Position eror: 37.095494
Position eror: 107.625757
Position eror: 204.706703
Position eror: 318.833001
Position eror: 438.832707
Position eror: 552.959273
Position eror: 650.041161
Position eror: 720.575300
Position eror: 757.657302
Position eror: 757.657314
Position eror: 720.575356
Position eror: 650.041259
Position eror: 552.959420
Position eror: 438.832934
Position eror: 318.833369
Position eror: 204.707387
Position eror: 107.627016
Position eror: 37.099269
Position eror: 0.839383
Position eror: 0.839383
Position eror: 37.099269
Position eror: 107.627058
Position eror: 204.707387
Position eror: 318.833412
Position eror: 438.832985
Position eror: 552.959494
Position eror: 650.041321
Position eror: 720.575438
Position eror: 757.657415
Position eror: 757.657439
Position eror: 720.575513
Position eror: 650.041460
Position eror: 552.959706
Position eror: 438.833325
Position eror: 318.833964
Position eror: 204.708292
Position eror: 107.628821
Position eror: 37.104260
Position eror: 1.045455
Position eror: 1.045455
Position eror: 37.104503
Position eror: 107.628821
Position eror: 204.708336
Position eror: 318.834035
Position eror: 438.833407
Position eror: 552.959796
Position eror: 650.041578
Position eror: 720.575651
Position eror: 757.657624
Position eror: 757.657660
Position eror: 720.575751
Position eror: 650.041766
Position eror: 552.960114
Position eror: 438.833891
Position eror: 318.834771
Position eror: 204.709572
Position eror: 107.631339
Position eror: 37.111684
Position eror: 1.278651
Position eror: 1.282178
Position eror: 37.111562
Position eror: 107.631339
Position eror: 204.709660
Position eror: 318.834856
Position eror: 438.833994
Position eror: 552.960237
Position eror: 650.041933
Position eror: 720.575964
Position eror: 757.657928
Position eror: 757.657970
Position eror: 720.576115
Position eror: 650.042204
Position eror: 552.960662
Position eror: 438.834632
Position eror: 318.835862
Position eror: 204.711359
Position eror: 107.634695
Position eror: 37.121297
Position eror: 1.532496
Position eror: 1.532496
Position eror: 37.121175
Position eror: 107.634695
Position eror: 204.711425
Position eror: 318.835961
Position eror: 438.834787
Position eror: 552.960850
Position eror: 650.042433
Position eror: 720.576397
Position eror: 757.658351
Position eror: 757.658417
Position eror: 720.576604
Position eror: 650.042794
Position eror: 552.961405
Position eror: 438.835641
Position eror: 318.837307
Position eror: 204.713653
Position eror: 107.639059
Position eror: 37.134070
Position eror: 1.810782
Position eror: 1.810782
Position eror: 37.133826
Position eror: 107.639017
Position eror: 204.713719
Position eror: 318.837435
Position eror: 438.835836
Position eror: 552.961650
Position eror: 650.043100
Position eror: 720.576999
Position eror: 757.658918
Position eror: 757.659001
Position eror: 720.577256
Position eror: 650.043566
Position eror: 552.962385
Position eror: 438.836948
Position eror: 318.839191
Position eror: 204.716632
Position eror: 107.644766
Position eror: 37.150607
Position eror: 2.120935
Position eror: 2.118805
Position eror: 37.150364
Position eror: 107.644724
Position eror: 204.716698
Position eror: 318.839333
Position eror: 438.837195
Position eror: 552.962704
Position eror: 650.043982
Position eror: 720.577782
Position eror: 757.659669
Position eror: 757.659776
Position eror: 720.578108
Position eror: 650.044580
Position eror: 552.963651
Position eror: 438.838615
Position eror: 318.841571
Position eror: 204.720426
Position eror: 107.651982
Position eror: 37.171511
Position eror: 2.460085
Position eror: 2.456411
Position eror: 37.171025
Position eror: 107.651898
Position eror: 204.720492
Position eror: 318.841769
Position eror: 438.838924
Position eror: 552.964068
Position eror: 650.045115
Position eror: 720.578797
Position eror: 757.660641
Position eror: 757.660778
Position eror: 720.579224
Position eror: 650.045886
Position eror: 552.965260
Position eror: 438.840756
Position eror: 318.844602
Position eror: 204.725235
Position eror: 107.661127
Position eror: 37.197747
Position eror: 2.828978
Position eror: 2.825784
Position eror: 37.197261
Position eror: 107.661002
Position eror: 204.725235
Position eror: 318.844800
Position eror: 438.841126
Position eror: 552.965783
Position eror: 650.046553
Position eror: 720.580089
Position eror: 757.661874
Position eror: 757.662053
Position eror: 720.580628
Position eror: 650.047519
Position eror: 552.967302
Position eror: 438.843421
Position eror: 318.848356
Position eror: 204.731192
Position eror: 107.672537
Position eror: 37.230879
Position eror: 3.232805
Position eror: 3.228611
Position eror: 37.229908
Position eror: 107.672286
Position eror: 204.731192
Position eror: 318.848597
Position eror: 438.843854
Position eror: 552.967923
Position eror: 650.048346
Position eror: 720.581706
Position eror: 757.663436
Position eror: 757.663651
Position eror: 720.582383
Position eror: 650.049555
Position eror: 552.969818
Position eror: 438.846756
Position eror: 318.853087
Position eror: 204.738648
Position eror: 107.686798
Position eror: 37.271737
Position eror: 3.668647
Position eror: 3.666184
Position eror: 37.270404
Position eror: 107.686295
Position eror: 204.738560
Position eror: 318.853328
Position eror: 438.847260
Position eror: 552.970585
Position eror: 650.050583
Position eror: 720.583711
Position eror: 757.665374
Position eror: 757.665642
Position eror: 720.584557
Position eror: 650.052104
Position eror: 552.972954
Position eror: 438.850862
Position eror: 318.858894
Position eror: 204.747825
Position eror: 107.704286
Position eror: 37.322354
Position eror: 4.149294
Position eror: 4.144938
Position eror: 37.320176
Position eror: 107.703615
Position eror: 204.747648
Position eror: 318.859135
Position eror: 438.851428
Position eror: 552.973852
Position eror: 650.053341
Position eror: 720.586193
Position eror: 757.667752
Position eror: 757.668098
Position eror: 720.587246
Position eror: 650.055238
Position eror: 552.976809
Position eror: 438.855905
Position eror: 318.866061
Position eror: 204.759140
Position eror: 107.725879
Position eror: 37.384261
Position eror: 4.673486
Position eror: 4.665748
Position eror: 37.381603
Position eror: 107.724831
Position eror: 204.758832
Position eror: 318.866246
Position eror: 438.856543
Position eror: 552.977855
Position eror: 650.056711
Position eror: 720.589221
Position eror: 757.670673
Position eror: 757.671096
Position eror: 720.590543
Position eror: 650.059066
Position eror: 552.981546
Position eror: 438.862121
Position eror: 318.874857
Position eror: 204.773102
Position eror: 107.752624
Position eror: 37.461018
Position eror: 5.249693
Position eror: 5.240220
Position eror: 37.457401
Position eror: 107.751116
Position eror: 204.772529
Position eror: 318.874970
Position eror: 438.862800
Position eror: 552.982722
Position eror: 650.060803
Position eror: 720.592887
Position eror: 757.674208
Position eror: 757.674726
Position eror: 720.594542
Position eror: 650.063735
Position eror: 552.987337
Position eror: 438.869778
Position eror: 318.885763
Position eror: 204.790459
Position eror: 107.785942
Position eror: 37.556864
Position eror: 5.892566
Position eror: 5.881826
Position eror: 37.551813
Position eror: 107.783679
Position eror: 204.789467
Position eror: 318.885621
Position eror: 438.870313
Position eror: 552.988521
Position eror: 650.065590
Position eror: 720.597137
Position eror: 757.678273
Position eror: 757.678923
Position eror: 720.599205
Position eror: 650.069342
Position eror: 552.994508
Position eror: 438.879636
Position eror: 318.900662
Position eror: 204.820120

Error at waypoint: 204.820120


=== From Paris to Moscow ===
Paris has coordinates 0.855435 0.044506 and altitude 119.481600m, Moscow has coordinates 0.967066 0.661590 and altitude 179.222400m
Position eror: 0.000000
Position eror: 55.555116
Position eror: 161.227012
Position eror: 306.672342
Position eror: 477.654765
Position eror: 657.438798
Position eror: 828.427991
Position eror: 973.887495
Position eror: 1079.582301
Position eror: 1135.171072
Position eror: 1135.218990
Position eror: 1079.730939
Position eror: 974.153171
Position eror: 828.844568
Position eror: 658.072569
Position eror: 478.642344
Position eror: 308.333929
Position eror: 164.506963
Position eror: 64.618765
Position eror: 33.056587
Position eror: 33.005453
Position eror: 64.626906
Position eror: 164.621224
Position eror: 308.534905
Position eror: 478.927305
Position eror: 658.445983
Position eror: 829.315928
Position eror: 974.737106
Position eror: 1080.448382
Position eror: 1136.099436
Position eror: 1136.256828
Position eror: 1080.936364
Position eror: 975.608372
Position eror: 830.679358
Position eror: 660.513885
Position eror: 482.134479
Position eror: 313.881389
Position eror: 174.852234
Position eror: 87.824540
Position eror: 68.067600
Position eror: 67.971522
Position eror: 87.742438
Position eror: 175.013515
Position eror: 314.263805
Position eror: 482.722580
Position eror: 661.312200
Position eror: 831.705231
Position eror: 976.890441
Position eror: 1082.516394
Position eror: 1138.194604
Position eror: 1138.482051
Position eror: 1083.407205
Position eror: 978.479481
Position eror: 834.187810
Position eror: 665.066381
Position eror: 488.510216
Position eror: 323.764486
Position eror: 192.220314
Position eror: 118.848047
Position eror: 105.121158
Position eror: 104.991541
Position eror: 118.676461
Position eror: 192.389899
Position eror: 324.318308
Position eror: 489.422163
Position eror: 666.337976
Position eror: 835.843307
Position eror: 980.562471
Position eror: 1085.982832
Position eror: 1141.644657
Position eror: 1142.082670
Position eror: 1087.339781
Position eror: 982.980902
Position eror: 839.615050
Position eror: 672.021421
Position eror: 498.114233
Position eror: 338.282632
Position eror: 215.997980
Position eror: 154.544926
Position eror: 144.304529
Position eror: 144.159356
Position eror: 154.330417
Position eror: 216.189038
Position eror: 339.026906
Position eror: 499.391276
Position eror: 673.830285
Position eror: 841.987162
Position eror: 985.976425
Position eror: 1091.050315
Position eror: 1146.641979
Position eror: 1147.249744
Position eror: 1092.932542
Position eror: 989.328195
Position eror: 847.204703
Position eror: 681.659609
Position eror: 511.246405
Position eror: 357.576194
Position eror: 245.375225
Position eror: 193.697368
Position eror: 185.715548
Position eror: 185.579308
Position eror: 193.509806
Position eror: 245.653303
Position eror: 358.567789
Position eror: 512.954580
Position eror: 684.084972
Position eror: 850.387689
Position eror: 993.348156
Position eror: 1097.911606
Position eror: 1153.366811
Position eror: 1154.160699
Position eror: 1100.369713
Position eror: 997.722560
Position eror: 857.185175
Position eror: 694.239725
Position eror: 528.157906
Position eror: 381.672764
Position eror: 279.667110
Position eror: 235.918287
Position eror: 229.559031
Position eror: 229.461306
Position eror: 235.840586
Position eror: 280.127399
Position eror: 382.985444
Position eror: 530.358027
Position eror: 697.334813
Position eror: 861.228340
Position eror: 1002.817033
Position eror: 1106.674672
Position eror: 1161.909576
Position eror: 1162.903484
Position eror: 1109.755183
Position eror: 1008.308596
Position eror: 869.776755
Position eror: 710.104895
Position eror: 549.356888
Position eror: 411.210534
Position eror: 319.697214
Position eror: 283.232124

Error at waypoint: 283.232124


=== From Moscow to Oslo ===
Moscow has coordinates 0.967066 0.661590 and altitude 179.222400m, Oslo has coordinates 1.050582 0.193739 and altitude 207.568800m
Position eror: 0.000000
Position eror: 37.044071
Position eror: 107.506525
Position eror: 204.489680
Position eror: 318.500891
Position eror: 438.380585
Position eror: 552.395075
Position eror: 649.385102
Position eror: 719.858241
Position eror: 756.918307
Position eror: 756.940584
Position eror: 719.927296
Position eror: 649.508325
Position eror: 552.587926
Position eror: 438.673543
Position eror: 318.957088
Position eror: 205.257655
Position eror: 109.027147
Position eror: 41.332479
Position eror: 18.372493
Position eror: 18.348880
Position eror: 41.342213
Position eror: 109.083475
Position eror: 205.352525
Position eror: 319.089855
Position eror: 438.846525
Position eror: 552.805659
Position eror: 649.777573
Position eror: 720.257646
Position eror: 757.345374
Position eror: 757.416634
Position eror: 720.478545
Position eror: 650.171944
Position eror: 553.422733
Position eror: 439.782655
Position eror: 320.543045
Position eror: 207.782153
Position eror: 113.786106
Position eror: 52.697362
Position eror: 37.515976
Position eror: 37.471286
Position eror: 52.671819
Position eror: 113.871270
Position eror: 207.962353
Position eror: 320.812521
Position eror: 440.144291
Position eror: 553.884702
Position eror: 650.747341
Position eror: 721.186317
Position eror: 758.283669
Position eror: 758.410763
Position eror: 721.580228
Position eror: 651.450235
Position eror: 554.983534
Position eror: 441.807990
Position eror: 323.384450
Position eror: 212.215824
Position eror: 121.780246
Position eror: 68.341839
Position eror: 57.470106
Position eror: 57.408144
Position eror: 68.272876
Position eror: 121.874231
Position eror: 212.473754
Position eror: 323.794268
Position eror: 442.371509
Position eror: 555.712141
Position eror: 652.363598
Position eror: 722.707380
Position eror: 759.793570
Position eror: 759.983403
Position eror: 723.295670
Position eror: 653.412779
Position eror: 557.350426
Position eror: 444.846011
Position eror: 327.598452
Position eror: 218.670440
Position eror: 132.806856
Position eror: 86.556297
Position eror: 78.278955
Position eror: 78.205644
Position eror: 86.455112
Position eror: 132.904187
Position eror: 219.005783
Position eror: 328.157287
Position eror: 445.628571
Position eror: 558.371113
Position eror: 654.698224
Position eror: 724.886048
Position eror: 761.937134
Position eror: 762.196500
Position eror: 725.689635
Position eror: 656.130601
Position eror: 560.604984
Position eror: 448.993172
Position eror: 333.294673
Position eror: 227.217415
Position eror: 146.569585
Position eror: 106.571136
Position eror: 99.999960
Position eror: 99.922606
Position eror: 106.458217
Position eror: 146.680601
Position eror: 227.638910
Position eror: 334.016472
Position eror: 450.014742
Position eror: 561.944125
Position eror: 657.821655
Position eror: 727.785175
Position eror: 764.773416
Position eror: 765.108719
Position eror: 728.823922
Position eror: 659.672537
Position eror: 564.827636
Position eror: 454.345416
Position eror: 340.578320
Position eror: 237.905146
Position eror: 162.798128
Position eror: 128.105360
Position eror: 122.753082
Position eror: 122.680798
Position eror: 128.005333
Position eror: 162.942551
Position eror: 238.422979
Position eror: 341.470786
Position eror: 455.613346
Position eror: 566.493379
Position eror: 661.779685
Position eror: 731.439695
Position eror: 768.331810
Position eror: 768.749509
Position eror: 732.734861
Position eror: 664.091237
Position eror: 570.101293
Position eror: 461.036312
Position eror: 349.657375
Position eror: 251.008326
Position eror: 181.764832
Position eror: 151.832668
Position eror: 147.589347

Error at waypoint: 147.589347


=== From Oslo to Rome ===
Oslo has coordinates 1.050582 0.193739 and altitude 207.568800m, Rome has coordinates 0.729552 0.213609 and altitude 3.962400m
Position eror: 0.000000
Position eror: 37.082175
Position eror: 107.616814
Position eror: 204.699289
Position eror: 318.826375
Position eror: 438.826621
Position eror: 552.953455
Position eror: 650.035348
Position eror: 720.569213
Position eror: 757.650684
Position eror: 757.649936
Position eror: 720.567025
Position eror: 650.031850
Position eror: 552.948914
Position eror: 438.821408
Position eror: 318.821008
Position eror: 204.694525
Position eror: 107.614726
Position eror: 37.091680
Position eror: 1.148380
Position eror: 1.148379
Position eror: 37.092102
Position eror: 107.615079
Position eror: 204.694708
Position eror: 318.820890
Position eror: 438.820888
Position eror: 552.947849
Position eror: 650.030110
Position eror: 720.564487
Position eror: 757.646605
Position eror: 757.646578
Position eror: 720.564468
Position eror: 650.030197
Position eror: 552.948274
Position eror: 438.822043
Position eror: 318.823506
Position eror: 204.700435
Position eror: 107.628646
Position eror: 37.136915
Position eror: 2.204435
Position eror: 2.208528
Position eror: 37.138112
Position eror: 107.629645
Position eror: 204.701379
Position eror: 318.824453
Position eror: 438.822970
Position eror: 552.949180
Position eror: 650.031077
Position eror: 720.565372
Position eror: 757.647584
Position eror: 757.647835
Position eror: 720.566150
Position eror: 650.032540
Position eror: 552.951564
Position eror: 438.826789
Position eror: 318.830709
Position eror: 204.712378
Position eror: 107.652315
Position eror: 37.207060
Position eror: 3.186313
Position eror: 3.194806
Position eror: 37.209482
Position eror: 107.653966
Position eror: 204.713983
Position eror: 318.832350
Position eror: 438.828530
Position eror: 552.953484
Position eror: 650.034664
Position eror: 720.568602
Position eror: 757.650708
Position eror: 757.651081
Position eror: 720.569766
Position eror: 650.036758
Position eror: 552.956826
Position eror: 438.833734
Position eror: 318.840625
Position eror: 204.728205
Position eror: 107.682822
Position eror: 37.296267
Position eror: 4.101048
Position eror: 4.110947
Position eror: 37.299777
Position eror: 107.685289
Position eror: 204.730390
Position eror: 318.842821
Position eror: 438.836071
Position eror: 552.959390
Position eror: 650.039655
Position eror: 720.573091
Position eror: 757.654998
Position eror: 757.655433
Position eror: 720.574453
Position eror: 650.042110
Position eror: 552.963289
Position eror: 438.842112
Position eror: 318.852397
Position eror: 204.746802
Position eror: 107.718528
Position eror: 37.399771
Position eror: 4.958485
Position eror: 4.970311
Position eror: 37.404601
Position eror: 107.721671
Position eror: 204.749554
Position eror: 318.855090
Position eror: 438.844921
Position eror: 552.966361
Position eror: 650.045535
Position eror: 720.578373
Position eror: 757.660030
Position eror: 757.660518
Position eror: 720.579860
Position eror: 650.048230
Position eror: 552.970632
Position eror: 438.851540
Position eror: 318.865563
Position eror: 204.767524
Position eror: 107.758303
Position eror: 37.514794
Position eror: 5.763825
Position eror: 5.776348
Position eror: 37.520572
Position eror: 107.762075
Position eror: 204.770808
Position eror: 318.868690
Position eror: 438.854755
Position eror: 552.974094
Position eror: 650.052073
Position eror: 720.584232
Position eror: 757.665602
Position eror: 757.666102
Position eror: 720.585803
Position eror: 650.054906
Position eror: 552.978616
Position eror: 438.861740
Position eror: 318.879806
Position eror: 204.789993
Position eror: 107.801210
Position eror: 37.638588
Position eror: 6.525288
Position eror: 6.537734
Position eror: 37.645306
Position eror: 107.805609
Position eror: 204.793654
Position eror: 318.883275
Position eror: 438.865268
Position eror: 552.982363
Position eror: 650.059029
Position eror: 720.590474
Position eror: 757.671515
Position eror: 757.672033
Position eror: 720.592091
Position eror: 650.061967
Position eror: 552.987050
Position eror: 438.872532
Position eror: 318.894887
Position eror: 204.813764
Position eror: 107.846865
Position eror: 37.770107
Position eror: 7.249228
Position eror: 7.261677
Position eror: 37.777759
Position eror: 107.851722
Position eror: 204.817733
Position eror: 318.898541
Position eror: 438.876175
Position eror: 552.990855
Position eror: 650.066121
Position eror: 720.596765
Position eror: 757.677450
Position eror: 757.677986
Position eror: 720.598470

Error at waypoint: 720.598470


=== From Rome to Madrid ===
Rome has coordinates 0.729552 0.213609 and altitude 3.962400m, Madrid has coordinates 0.706368 -0.062180 and altitude 608.990400m
Position eror: 0.000000
Position eror: 37.083466
Position eror: 107.620842
Position eror: 204.707918
Position eror: 318.841521
Position eror: 438.850029
Position eror: 552.986672
Position eror: 650.079620
Position eror: 720.625547
Position eror: 757.719955
Position eror: 757.733233
Position eror: 720.666188
Position eror: 650.150475
Position eror: 553.094048
Position eror: 439.007262
Position eror: 319.077669
Position eror: 205.093641
Position eror: 108.370539
Position eror: 39.225681
Position eror: 12.795240
Position eror: 12.796321
Position eror: 39.247070
Position eror: 108.408124
Position eror: 205.148856
Position eror: 319.152871
Position eror: 439.105318
Position eror: 553.218187
Position eror: 650.304204
Position eror: 720.853597
Position eror: 757.959504
Position eror: 757.992359
Position eror: 720.955245
Position eror: 650.485029
Position eror: 553.499996
Position eror: 439.531278
Position eror: 319.812847
Position eror: 206.254842
Position eror: 110.581164
Position eror: 45.021777
Position eror: 25.573001
Position eror: 25.576546
Position eror: 45.062561
Position eror: 110.655480
Position eror: 206.361620
Position eror: 319.955104
Position eror: 439.713167
Position eror: 553.726639
Position eror: 650.762735
Position eror: 721.292115
Position eror: 758.399425
Position eror: 758.452718
Position eror: 721.457307
Position eror: 651.057581
Position eror: 554.187960
Position eror: 440.413043
Position eror: 321.042112
Position eror: 208.180340
Position eror: 114.168539
Position eror: 53.281407
Position eror: 38.324213
Position eror: 38.331525
Position eror: 53.340573
Position eror: 114.280499
Position eror: 208.339695
Position eror: 321.252009
Position eror: 440.679101
Position eror: 554.517468
Position eror: 651.459851
Position eror: 721.944676
Position eror: 759.042237
Position eror: 759.115802
Position eror: 722.172850
Position eror: 651.867561
Position eror: 555.156158
Position eror: 441.648970
Position eror: 322.757497
Position eror: 210.845517
Position eror: 119.001763
Position eror: 63.032709
Position eror: 51.056325
Position eror: 51.068623
Position eror: 63.110065
Position eror: 119.151933
Position eror: 211.057527
Position eror: 323.033956
Position eror: 441.996956
Position eror: 555.585210
Position eror: 652.390084
Position eror: 722.805507
Position eror: 759.881781
Position eror: 759.975062
Position eror: 723.095036
Position eror: 652.908005
Position eror: 556.397615
Position eror: 443.231869
Position eror: 324.949933
Position eror: 214.227865
Position eror: 124.956636
Position eror: 73.735526
Position eror: 63.849287
Position eror: 63.867750
Position eror: 73.830422
Position eror: 125.140041
Position eror: 214.483647
Position eror: 325.279728
Position eror: 443.644050
Position eror: 556.904040
Position eror: 653.524442
Position eror: 723.842941
Position eror: 760.884760
Position eror: 760.998219
Position eror: 724.200478

Error at waypoint: 724.200478


=== From Madrid to Funchal ===
Madrid has coordinates 0.706368 -0.062180 and altitude 608.990400m, Funchal has coordinates 0.570686 -0.292770 and altitude 58.521600m
Position eror: 0.000000
Position eror: 37.104720
Position eror: 107.681891
Position eror: 204.822904
Position eror: 319.018829
Position eror: 439.091418
Position eror: 553.287274
Position eror: 650.428399
Position eror: 721.006347
Position eror: 758.113140
Position eror: 758.117453
Position eror: 721.020238
Position eror: 650.454917
Position eror: 553.332295
Position eror: 439.165493
Position eror: 319.142366
Position eror: 205.042341
Position eror: 108.134430
Position eror: 38.455269
Position eror: 10.189568
Position eror: 10.197527
Position eror: 38.474577
Position eror: 108.159874
Position eror: 205.075406
Position eror: 319.183572
Position eror: 439.215315
Position eror: 553.391479
Position eror: 650.524724
Position eror: 721.102937
Position eror: 758.216788
Position eror: 758.234964
Position eror: 721.159671
Position eror: 650.627140
Position eror: 553.553955
Position eror: 439.465174
Position eror: 319.576142
Position eror: 205.739479
Position eror: 109.475211
Position eror: 42.108533
Position eror: 19.977202
Position eror: 19.994141
Position eror: 42.153499
Position eror: 109.530019
Position eror: 205.807506
Position eror: 319.659916
Position eror: 439.566884
Position eror: 553.676133
Position eror: 650.773275
Position eror: 721.334775
Position eror: 758.446475
Position eror: 758.475636
Position eror: 721.425578
Position eror: 650.936523
Position eror: 553.933808
Position eror: 439.961095
Position eror: 320.276303
Position eror: 206.844799
Position eror: 111.559426
Position eror: 47.286643
Position eror: 29.376646
Position eror: 29.401076
Position eror: 47.358107
Position eror: 111.644901
Position eror: 206.946807
Position eror: 320.399148
Position eror: 440.108578
Position eror: 554.110055
Position eror: 651.146857
Position eror: 721.677378
Position eror: 758.779446
Position eror: 758.817668
Position eror: 721.796266
Position eror: 651.360457
Position eror: 554.446894
Position eror: 440.623504
Position eror: 321.203621
Position eror: 208.297172
Position eror: 114.251310
Position eror: 53.352717
Position eror: 38.402965
Position eror: 38.434703
Position eror: 53.448534
Position eror: 114.367368
Position eror: 208.431393
Position eror: 321.361932
Position eror: 440.811142
Position eror: 554.669492
Position eror: 651.625002
Position eror: 722.112218
Position eror: 759.198299
Position eror: 759.243981
Position eror: 722.254345
Position eror: 651.880432
Position eror: 555.072444
Position eror: 441.427480
Position eror: 322.325036
Position eror: 210.044579
Position eror: 117.433718
Position eror: 59.896705
Position eror: 47.095802
Position eror: 47.133762
Position eror: 60.013162
Position eror: 117.577651
Position eror: 210.207182
Position eror: 322.512902
Position eror: 441.647361
Position eror: 555.331374
Position eror: 652.186949
Position eror: 722.619803
Position eror: 759.684189
Position eror: 759.736035
Position eror: 722.781296
Position eror: 652.477767
Position eror: 555.791682
Position eror: 442.354379
Position eror: 323.622550
Position eror: 212.069249
Position eror: 121.073147
Position eror: 66.824883
Position eror: 55.695751
Position eror: 55.739278
Position eror: 66.942781
Position eror: 121.181945

Error at waypoint: 121.181945


=== From Funchal to Ponta Delgada ===
Funchal has coordinates 0.570686 -0.292770 and altitude 58.521600m, Ponta Delgada has coordinates 0.658708 -0.448513 and altitude 78.943200m
Position eror: 0.134408
Position eror: 37.064820
Position eror: 107.566260
Position eror: 204.603087
Position eror: 318.676500
Position eror: 438.620443
Position eror: 552.694100
Position eror: 649.731382
Position eror: 720.233905
Position eror: 757.300809
Position eror: 757.304278
Position eror: 720.244731
Position eror: 649.750997
Position eror: 552.725386
Position eror: 438.668846
Position eror: 318.752941
Position eror: 204.732607
Position eror: 107.823513
Position eror: 37.815684
Position eror: 7.495572
Position eror: 7.490750
Position eror: 37.819512
Position eror: 107.833471
Position eror: 204.747360
Position eror: 318.771969
Position eror: 438.692196
Position eror: 552.753590
Position eror: 649.785235
Position eror: 720.287022
Position eror: 757.357540
Position eror: 757.369169
Position eror: 720.323205
Position eror: 649.850225
Position eror: 552.856049
Position eror: 438.848923
Position eror: 319.017179
Position eror: 205.160864
Position eror: 108.652074
Position eror: 40.134665
Position eror: 15.395429
Position eror: 15.384278
Position eror: 40.135905
Position eror: 108.670205
Position eror: 205.191970
Position eror: 319.060291
Position eror: 438.904360
Position eror: 552.925101
Position eror: 649.935263
Position eror: 720.427928
Position eror: 757.498997
Position eror: 757.520181
Position eror: 720.493814
Position eror: 650.053386
Position eror: 553.110980
Position eror: 439.188003
Position eror: 319.503104
Position eror: 205.936930
Position eror: 110.133764
Position eror: 44.013833
Position eror: 23.745172
Position eror: 23.726906
Position eror: 44.005829
Position eror: 110.156072
Position eror: 205.982592
Position eror: 319.570058
Position eror: 439.276703
Position eror: 553.223442
Position eror: 650.193341
Position eror: 720.666965
Position eror: 757.734860
Position eror: 757.767250
Position eror: 720.767649
Position eror: 650.374044
Position eror: 553.508261
Position eror: 439.712367
Position eror: 320.252032
Position eror: 207.132020
Position eror: 112.398772
Position eror: 49.473816
Position eror: 32.817844
Position eror: 32.792375
Position eror: 49.437927
Position eror: 112.388164
Position eror: 207.044459

Error at waypoint: 207.044459


=== From Ponta Delgada to New York ===
Ponta Delgada has coordinates 0.658708 -0.448513 and altitude 78.943200m, New York has coordinates 0.709298 -1.287685 and altitude 3.962400m
Position eror: 0.000000
Position eror: 37.065878
Position eror: 107.569014
Position eror: 204.608466
Position eror: 318.685472
Position eror: 438.633569
Position eror: 552.711716
Position eror: 649.753527
Position eror: 720.260364
Position eror: 757.331169
Position eror: 757.338097
Position eror: 720.281813
Position eror: 649.791788
Position eror: 552.771635
Position eror: 438.724984
Position eror: 318.829017
Position eror: 204.853110
Position eror: 108.061504
Position eror: 38.517604
Position eror: 10.540447
Position eror: 10.535302
Position eror: 38.527895
Position eror: 108.084286
Position eror: 204.887406
Position eror: 318.875481
Position eror: 438.784728
Position eror: 552.846255
Position eror: 649.883458
Position eror: 720.393487
Position eror: 757.473715
Position eror: 757.496390
Position eror: 720.463721
Position eror: 650.008771
Position eror: 553.042264
Position eror: 439.082267
Position eror: 319.338570
Position eror: 205.666667
Position eror: 109.623760
Position eror: 42.745293
Position eror: 21.350763
Position eror: 21.341241
Position eror: 42.758173
Position eror: 109.666563
Position eror: 205.735340
Position eror: 319.433439
Position eror: 439.205316
Position eror: 553.196650
Position eror: 650.198906
Position eror: 720.695621
Position eror: 757.778380
Position eror: 757.817850
Position eror: 720.817967
Position eror: 650.417237
Position eror: 553.538147
Position eror: 439.723294
Position eror: 320.237825
Position eror: 207.082129
Position eror: 112.285130
Position eror: 49.207439
Position eror: 32.423582
Position eror: 32.410625
Position eror: 49.218357
Position eror: 112.345516
Position eror: 207.185015
Position eror: 320.382631
Position eror: 439.912617
Position eror: 553.776592
Position eror: 650.711439
Position eror: 721.177194
Position eror: 758.255116
Position eror: 758.312511
Position eror: 721.355095
Position eror: 651.028913
Position eror: 554.273077
Position eror: 440.665089
Position eror: 321.548734
Position eror: 209.126378
Position eror: 116.041147
Position eror: 57.296865
Position eror: 43.751295
Position eror: 43.735395
Position eror: 57.304115
Position eror: 116.117323
Position eror: 209.263847
Position eror: 321.745406
Position eror: 440.923891
Position eror: 554.600030
Position eror: 651.433016
Position eror: 721.849012
Position eror: 758.914151
Position eror: 758.990513
Position eror: 722.085714
Position eror: 651.855404
Position eror: 555.260381
Position eror: 441.923748
Position eror: 323.291007
Position eror: 211.819115
Position eror: 120.856531
Position eror: 66.543515
Position eror: 55.324680
Position eror: 55.306881
Position eror: 66.547858
Position eror: 120.947863
Position eror: 211.991980
Position eror: 323.541786
Position eror: 442.255456
Position eror: 555.680441
Position eror: 652.375208
Position eror: 722.721482
Position eror: 759.765319
Position eror: 759.861598
Position eror: 723.019926
Position eror: 652.907719
Position eror: 556.512554
Position eror: 443.513903
Position eror: 325.481483
Position eror: 215.171966
Position eror: 126.671903
Position eror: 76.631208
Position eror: 67.133735
Position eror: 67.115300
Position eror: 76.635098
Position eror: 126.778960
Position eror: 215.381901
Position eror: 325.789015
Position eror: 443.922180
Position eror: 557.030326
Position eror: 653.548855
Position eror: 723.804373
Position eror: 760.817817
Position eror: 760.934849
Position eror: 724.167103
Position eror: 654.195919
Position eror: 558.040917
Position eror: 445.448448
Position eror: 328.133443
Position eror: 219.188277
Position eror: 133.411996
Position eror: 87.353913
Position eror: 79.167642
Position eror: 79.149841
Position eror: 87.360737
Position eror: 133.536648
Position eror: 219.437635
Position eror: 328.500998
Position eror: 445.937210
Position eror: 558.661027
Position eror: 654.963811
Position eror: 725.106582
Position eror: 762.080023
Position eror: 762.218471
Position eror: 725.535656
Position eror: 655.729006
Position eror: 559.855331
Position eror: 447.738157
Position eror: 331.256523
Position eror: 223.863082
Position eror: 140.993353
Position eror: 98.575423
Position eror: 91.414425
Position eror: 91.398811
Position eror: 98.588892
Position eror: 141.138735
Position eror: 224.155055
Position eror: 331.687751
Position eror: 448.311540
Position eror: 560.582384
Position eror: 656.628786
Position eror: 726.635977
Position eror: 763.559299
Position eror: 763.719649
Position eror: 727.132883
Position eror: 657.514723
Position eror: 561.964116
Position eror: 450.391459
Position eror: 334.856302
Position eror: 229.183655
Position eror: 149.330543
Position eror: 110.201555
Position eror: 103.861440
Position eror: 103.849351
Position eror: 110.225896
Position eror: 149.500747
Position eror: 229.522228
Position eror: 335.355387
Position eror: 451.053785
Position eror: 562.802573
Position eror: 658.551127
Position eror: 728.399210
Position eror: 765.261833
Position eror: 765.444389
Position eror: 728.964851
Position eror: 659.559267
Position eror: 564.373652
Position eror: 453.414172
Position eror: 338.934112
Position eror: 235.130283
Position eror: 158.340304
Position eror: 122.164312
Position eror: 116.494596
Position eror: 116.487540
Position eror: 122.203900
Position eror: 158.540234
Position eror: 235.520026
Position eror: 339.505616
Position eror: 454.169870
Position eror: 565.327868
Position eror: 660.736573
Position eror: 730.401487
Position eror: 767.192467
Position eror: 767.397316
Position eror: 731.036110
Position eror: 661.867283
Position eror: 567.088414
Position eror: 456.809394
Position eror: 343.487038
Position eror: 241.677142
Position eror: 167.944285
Position eror: 134.411692
Position eror: 129.299115
Position eror: 129.298731
Position eror: 134.470749
Position eror: 168.179233
Position eror: 242.123093
Position eror: 344.135701
Position eror: 457.662834
Position eror: 568.162301
Position eror: 663.189085
Position eror: 732.646422
Position eror: 769.354496
Position eror: 769.581510
Position eror: 733.349625
Position eror: 664.441501
Position eror: 570.110537
Position eror: 460.577220
Position eror: 348.507847
Position eror: 248.793314
Position eror: 178.070122
Position eror: 146.901750
Position eror: 142.259903
Position eror: 142.267649
Position eror: 146.984673
Position eror: 178.345471
Position eror: 249.300708
Position eror: 349.238429
Position eror: 461.532518
Position eror: 571.307515
Position eror: 665.910530
Position eror: 735.135736
Position eror: 771.749387
Position eror: 771.998232
Position eror: 735.906421
Position eror: 667.282620
Position eror: 573.439822
Position eror: 464.714760
Position eror: 353.985334
Position eror: 256.444280
Position eror: 188.652083
Position eror: 159.600435
Position eror: 155.361687
Position eror: 155.378895
Position eror: 159.711011
Position eror: 188.973081
Position eror: 257.018112
Position eror: 354.802228
Position eror: 465.775388
Position eror: 574.762400
Position eror: 668.900412
Position eror: 737.868913
Position eror: 774.376520
Position eror: 774.646618
Position eror: 738.705358
Position eror: 670.388995
Position eror: 577.073467
Position eror: 469.216034
Position eror: 359.904659
Position eror: 264.593227
Position eror: 199.632168
Position eror: 172.479659
Position eror: 168.591124
Position eror: 168.619223
Position eror: 172.621546
Position eror: 200.003428
Position eror: 265.237844
Position eror: 360.811352
Position eror: 470.384275
Position eror: 578.522563
Position eror: 672.155103
Position eror: 740.842493
Position eror: 777.232284
Position eror: 777.522899
Position eror: 741.742375
Position eror: 673.756015
Position eror: 581.005659
Position eror: 474.072149
Position eror: 366.248541
Position eror: 273.204044
Position eror: 210.962390
Position eror: 185.521029
Position eror: 181.941667
Position eror: 181.981627
Position eror: 185.697243
Position eror: 211.387594
Position eror: 273.922089
Position eror: 367.246154
Position eror: 475.347325
Position eror: 582.578651
Position eror: 675.665896
Position eror: 744.047730
Position eror: 780.307751
Position eror: 780.617962
Position eror: 745.008279
Position eror: 677.374490
Position eror: 585.226925
Position eror: 479.272207
Position eror: 373.001083
Position eror: 282.249997
Position eror: 222.618117
Position eror: 198.732849
Position eror: 195.433860
Position eror: 195.486680
Position eror: 198.945149
Position eror: 223.097471
Position eror: 283.037840
Position eror: 374.081555
Position eror: 480.641775
Position eror: 586.906916
Position eror: 679.407185
Position eror: 747.457330
Position eror: 783.574611
Position eror: 783.903480
Position eror: 748.476362
Position eror: 681.221859
Position eror: 589.722999
Position eror: 484.816830
Position eror: 380.188122
Position eror: 291.799230
Position eror: 234.743086
Position eror: 212.350133
Position eror: 209.346453
Position eror: 209.412974
Position eror: 212.574457
Position eror: 235.113303

Error at waypoint: 235.113303


=== From New York to Halifax ===
New York has coordinates 0.709298 -1.287685 and altitude 3.962400m, Halifax has coordinates 0.783318 -1.108434 and altitude 145.389600m
Position eror: 0.000000
Position eror: 37.059182
Position eror: 107.549743
Position eror: 204.571788
Position eror: 318.628118
Position eror: 438.554367
Position eror: 552.611686
Position eror: 649.635783
Position eror: 720.129887
Position eror: 757.194308
Position eror: 757.201983
Position eror: 720.153643
Position eror: 649.678138
Position eror: 552.677878
Position eror: 438.654619
Position eror: 318.783491
Position eror: 204.831700
Position eror: 108.061826
Position eror: 38.538309
Position eror: 10.573085
Position eror: 10.563687
Position eror: 38.545036
Position eror: 108.081815
Position eror: 204.862763
Position eror: 318.825371
Position eror: 438.707930
Position eror: 552.744073
Position eror: 649.759667
Position eror: 720.254067
Position eror: 757.326349
Position eror: 757.349726
Position eror: 720.326622
Position eror: 649.889461
Position eror: 552.947733
Position eror: 439.017860
Position eror: 319.308173
Position eror: 205.674340
Position eror: 109.680471
Position eror: 42.900717
Position eror: 21.621281
Position eror: 21.602685
Position eror: 42.900101
Position eror: 109.714503
Position eror: 205.735946
Position eror: 319.395921
Position eror: 439.132810
Position eror: 553.092718
Position eror: 650.069070
Position eror: 720.547641
Position eror: 757.621841
Position eror: 757.663505
Position eror: 720.676947
Position eror: 650.300401
Position eror: 553.455697
Position eror: 439.685063
Position eror: 320.255565
Position eror: 207.176904
Position eror: 112.513731
Position eror: 49.746235
Position eror: 33.209431
Position eror: 33.181405
Position eror: 49.727625
Position eror: 112.553323
Position eror: 207.264397
Position eror: 320.387470
Position eror: 439.862472
Position eror: 553.682784
Position eror: 650.584205
Position eror: 721.027967
Position eror: 758.096840
Position eror: 758.159550
Position eror: 721.222733
Position eror: 650.933308
Position eror: 554.232033
Position eror: 440.700985
Position eror: 321.697084
Position eror: 209.461028
Position eror: 116.754337
Position eror: 58.830616
Position eror: 45.783697
Position eror: 45.746590
Position eror: 58.725348

Error at waypoint: 58.725348


=== From Halifax to London ===
Halifax has coordinates 0.783318 -1.108434 and altitude 145.389600m, London has coordinates 0.898331 -0.008062 and altitude 25.298400m
Position eror: 0.000000
Position eror: 37.055398
Position eror: 107.538749
Position eror: 204.550724
Position eror: 318.595143
Position eror: 438.508866
Position eror: 552.554323
Position eror: 649.568477
Position eror: 720.055674
Position eror: 757.117083
Position eror: 757.126230
Position eror: 720.084134
Position eror: 649.619745
Position eror: 552.635528
Position eror: 438.633880
Position eror: 318.792285
Position eror: 204.886069
Position eror: 108.209017
Position eror: 39.002545
Position eror: 12.203367
Position eror: 12.191144
Position eror: 39.010378
Position eror: 108.235663
Position eror: 204.928130
Position eror: 318.849218
Position eror: 438.706400
Position eror: 552.725373
Position eror: 649.729892
Position eror: 720.219046
Position eror: 757.292286
Position eror: 757.323401
Position eror: 720.315620
Position eror: 649.902593
Position eror: 552.996266
Position eror: 439.118430
Position eror: 319.490604
Position eror: 206.004966
Position eror: 110.349528
Position eror: 44.636202
Position eror: 24.908134
Position eror: 24.883823
Position eror: 44.631939
Position eror: 110.394075
Position eror: 206.088462
Position eror: 319.610854
Position eror: 439.276676
Position eror: 553.196095
Position eror: 650.149953
Position eror: 720.619251
Position eror: 757.695854
Position eror: 757.751668
Position eror: 720.792346
Position eror: 650.459144
Position eror: 553.680166
Position eror: 440.011046
Position eror: 320.749962
Position eror: 207.988453
Position eror: 114.047330
Position eror: 53.157208
Position eror: 38.128231
Position eror: 38.092204
Position eror: 53.129498
Position eror: 114.100365
Position eror: 208.110278
Position eror: 320.935235
Position eror: 440.260864
Position eror: 553.999665
Position eror: 650.857298
Position eror: 721.282502
Position eror: 758.353126
Position eror: 758.436670
Position eror: 721.541509
Position eror: 651.319637
Position eror: 554.722654
Position eror: 441.355677
Position eror: 322.627584
Position eror: 210.910526
Position eror: 119.333079
Position eror: 63.743433
Position eror: 51.877302
Position eror: 51.830530
Position eror: 63.688782
Position eror: 119.386652
Position eror: 211.068313
Position eror: 322.880469
Position eror: 441.703883
Position eror: 555.172815
Position eror: 651.883810
Position eror: 722.238037
Position eror: 759.292202
Position eror: 759.406672
Position eror: 722.592859
Position eror: 652.516790
Position eror: 556.161574
Position eror: 443.198175
Position eror: 325.181232
Position eror: 214.837004
Position eror: 126.185189
Position eror: 75.830237
Position eror: 66.168857
Position eror: 66.112864
Position eror: 75.750506
Position eror: 126.234928
Position eror: 215.029896
Position eror: 325.505528
Position eror: 443.652955
Position eror: 556.754716
Position eror: 653.263678
Position eror: 723.517168
Position eror: 760.543116
Position eror: 760.691800
Position eror: 723.977876
Position eror: 654.085082
Position eror: 558.036333
Position eror: 445.585681
Position eror: 328.467481
Position eror: 219.822615
Position eror: 134.542886
Position eror: 89.078428
Position eror: 81.015274
Position eror: 80.952200
Position eror: 88.978847
Position eror: 134.588631
Position eror: 220.052230
Position eror: 328.868901
Position eror: 446.156800
Position eror: 558.786314
Position eror: 655.032771
Position eror: 725.152797
Position eror: 762.137416
Position eror: 762.323565
Position eror: 725.729447
Position eror: 656.060229
Position eror: 560.387481
Position eror: 448.565505
Position eror: 332.540380
Position eror: 225.909181
Position eror: 144.320898
Position eror: 103.289269
Position eror: 96.427794
Position eror: 96.360326
Position eror: 103.177666
Position eror: 144.367424
Position eror: 226.180505
Position eror: 333.027099
Position eror: 449.264778
Position eror: 561.309835
Position eror: 657.228306
Position eror: 727.179054
Position eror: 764.107718
Position eror: 764.334484
Position eror: 727.881295
Position eror: 658.478727
Position eror: 563.255886
Position eror: 452.184350
Position eror: 337.449883
Position eror: 233.124594
Position eror: 155.423299
Position eror: 118.343824
Position eror: 112.415066
Position eror: 112.346426
Position eror: 118.229930
Position eror: 155.480097
Position eror: 233.446407
Position eror: 338.033119
Position eror: 453.025972
Position eror: 564.368051
Position eror: 659.888200
Position eror: 729.630759
Position eror: 766.487283
Position eror: 766.757563
Position eror: 730.467573
Position eror: 661.377206
Position eror: 566.682098
Position eror: 456.487121
Position eror: 343.240251
Position eror: 241.482103
Position eror: 167.753136
Position eror: 134.167140
Position eror: 128.982528
Position eror: 128.916824
Position eror: 134.062580
Position eror: 167.834206
Position eror: 241.867589
Position eror: 343.934585
Position eror: 457.487879
Position eror: 568.003420
Position eror: 663.050405
Position eror: 732.542790
Position eror: 769.309302
Position eror: 769.625697
Position eror: 733.522062
Position eror: 664.791632
Position eror: 570.705262
Position eror: 461.515626
Position eror: 349.948472
Position eror: 250.980748
Position eror: 181.217548
Position eror: 150.708303
Position eror: 146.132002
Position eror: 146.073579
Position eror: 150.626230
Position eror: 181.340522
Position eror: 251.447310
Position eror: 350.771939
Position eror: 462.694952
Position eror: 572.256897
Position eror: 666.751936
Position eror: 735.949214
Position eror: 772.606170
Position eror: 772.970788
Position eror: 737.077392
Position eror: 668.756390
Position eror: 575.362026
Position eror: 467.307258
Position eror: 357.602659
Position eror: 261.606026
Position eror: 195.730294
Position eror: 167.928846
Position eror: 163.860397
Position eror: 163.814307
Position eror: 167.883765
Position eror: 195.915745
Position eror: 262.174783
Position eror: 358.576599
Position eror: 468.686957
Position eror: 577.166667
Position eror: 671.027740
Position eror: 739.882332
Position eror: 776.408549
Position eror: 776.822917
Position eror: 741.164054
Position eror: 673.303179
Position eror: 580.685353
Position eror: 473.893315
Position eror: 366.220861
Position eror: 273.330861
Position eror: 211.211347
Position eror: 185.796045
Position eror: 182.159618
Position eror: 182.130930
Position eror: 185.802900
Position eror: 211.481581
Position eror: 274.025835
Position eror: 367.369208
Position eror: 475.497146
Position eror: 582.766624
Position eror: 675.909520
Position eror: 744.371568
Position eror: 780.744328
Position eror: 781.209318
Position eror: 745.809426
Position eror: 678.459972
Position eror: 586.703139
Position eror: 481.297864
Position eror: 375.809906
Position eror: 286.117202
Position eror: 227.586292
Position eror: 204.278799
Position eror: 201.016057
Position eror: 201.009991
Position eror: 204.352716
Position eror: 227.964291
Position eror: 286.964003
Position eror: 377.158255
Position eror: 483.150521
Position eror: 589.084772
Position eror: 681.424298
Position eror: 749.442275
Position eror: 785.637476
Position eror: 786.153207
Position eror: 751.036520
Position eror: 684.249663
Position eror: 593.436976
Position eror: 489.536146
Position eror: 386.364932
Position eror: 299.917185
Position eror: 244.784882
Position eror: 223.345254
Position eror: 220.410753
Position eror: 220.432308
Position eror: 223.500782
Position eror: 245.292967
Position eror: 300.941491
Position eror: 387.939090
Position eror: 491.662189
Position eror: 596.141747
Position eror: 687.593004
Position eror: 755.114359
Position eror: 791.106848
Position eror: 791.672688
Position eror: 756.862898
Position eror: 690.688991
Position eror: 600.900911
Position eror: 498.613846
Position eror: 397.869279
Position eror: 314.675274
Position eror: 262.740332
Position eror: 242.962314
Position eror: 240.320207
Position eror: 240.373892
Position eror: 243.212720
Position eror: 263.399022
Position eror: 315.901209
Position eror: 399.693516
Position eror: 501.035963
Position eror: 603.949047
Position eror: 694.428958
Position eror: 761.400836
Position eror: 797.164695
Position eror: 797.779245
Position eror: 763.299233
Position eror: 697.787096
Position eror: 609.100293
Position eror: 508.526224
Position eror: 410.295180
Position eror: 330.330531
Position eror: 281.389605
Position eror: 263.096732
Position eror: 260.718701
Position eror: 260.808607
Position eror: 263.453405
Position eror: 282.216393
Position eror: 331.778687
Position eror: 412.390216
Position eror: 511.263055
Position eror: 612.507297
Position eror: 701.935629
Position eror: 768.305604
Position eror: 803.814467
Position eror: 804.475631
Position eror: 770.347274
Position eror: 705.543901
Position eror: 618.030600
Position eror: 519.258182
Position eror: 423.606020
Position eror: 346.820914
Position eror: 300.677609
Position eror: 283.721045
Position eror: 281.585892
Position eror: 281.715215
Position eror: 284.193006
Position eror: 301.685680
Position eror: 348.505981
Position eror: 425.985320
Position eror: 522.320050
Position eror: 621.802371
Position eror: 710.101981
Position eror: 775.818106
Position eror: 811.045256
Position eror: 811.750338
Position eror: 777.994852
Position eror: 713.946009
Position eror: 627.675464
Position eror: 530.785943
Position eror: 437.763870
Position eror: 364.098225
Position eror: 320.577175
Position eror: 304.839912
Position eror: 302.936066
Position eror: 303.107226
Position eror: 305.432793
Position eror: 321.771783
Position eror: 366.020815
Position eror: 440.420511
Position eror: 534.156835
Position eror: 631.786149
Position eror: 718.878072
Position eror: 783.885627
Position eror: 818.802241
Position eror: 819.548368
Position eror: 786.189801
Position eror: 722.948668
Position eror: 638.004136
Position eror: 543.102472
Position eror: 452.800981
Position eror: 382.264257
Position eror: 341.298795
Position eror: 326.763744
Position eror: 325.129879
Position eror: 325.344587
Position eror: 327.452562
Position eror: 342.521317
Position eror: 383.114648

Error at waypoint: 383.114648


=== From London to Lisbon ===
London has coordinates 0.898331 -0.008062 and altitude 25.298400m, Lisbon has coordinates 0.676861 -0.159452 and altitude 113.995200m
Position eror: 0.000000
Position eror: 37.100456
Position eror: 107.669696
Position eror: 204.799672
Position eror: 318.982709
Position eror: 439.041725
Position eror: 553.224764
Position eror: 650.355096
Position eror: 720.925445
Position eror: 758.028595
Position eror: 758.033569
Position eror: 720.941177
Position eror: 650.384038
Position eror: 553.271414
Position eror: 439.113953
Position eror: 319.095262
Position eror: 204.985784
Position eror: 108.027329
Position eror: 38.110797
Position eror: 8.645588
Position eror: 8.662290
Position eror: 38.130730
Position eror: 108.048245
Position eror: 205.009928
Position eror: 319.123284
Position eror: 439.146055
Position eror: 553.308196
Position eror: 650.426798
Position eror: 720.992352
Position eror: 758.096989
Position eror: 758.109921
Position eror: 721.032767
Position eror: 650.499990
Position eror: 553.424543
Position eror: 439.325011
Position eror: 319.403665
Position eror: 205.481564
Position eror: 108.976794
Position eror: 40.726670
Position eror: 16.754767
Position eror: 16.786008
Position eror: 40.778656
Position eror: 109.025604
Position eror: 205.534351
Position eror: 319.463464
Position eror: 439.393696
Position eror: 553.504038
Position eror: 650.592969
Position eror: 721.143296
Position eror: 758.243941
Position eror: 758.263169
Position eror: 721.203291
Position eror: 650.701248
Position eror: 553.675693
Position eror: 439.657387
Position eror: 319.877103
Position eror: 206.232381
Position eror: 110.399707
Position eror: 44.404314
Position eror: 24.376557
Position eror: 24.419134
Position eror: 44.490890
Position eror: 110.478974
Position eror: 206.313994
Position eror: 319.966797
Position eror: 439.758750
Position eror: 553.792056
Position eror: 650.836619
Position eror: 721.363129
Position eror: 758.455238
Position eror: 758.479357
Position eror: 721.438319
Position eror: 650.972177
Position eror: 554.006777
Position eror: 440.088614
Position eror: 320.484789
Position eror: 207.189103
Position eror: 112.192171
Position eror: 48.706600
Position eror: 31.555714
Position eror: 31.607483
Position eror: 48.824593
Position eror: 112.301980
Position eror: 207.298207
Position eror: 320.601556
Position eror: 440.218396
Position eror: 554.154181
Position eror: 651.142400
Position eror: 721.638076
Position eror: 758.717902
Position eror: 758.745727
Position eror: 721.724797
Position eror: 651.298747
Position eror: 554.401911
Position eror: 440.599303
Position eror: 321.200580
Position eror: 208.310825
Position eror: 114.268738
Position eror: 53.338496
Position eror: 38.339713
Position eror: 38.398568
Position eror: 53.482841
Position eror: 114.406913
Position eror: 208.444796
Position eror: 321.340561
Position eror: 440.752348
Position eror: 554.573861
Position eror: 651.495862
Position eror: 721.954909
Position eror: 759.019353
Position eror: 759.049926
Position eror: 722.050237
Position eror: 651.667898
Position eror: 554.846946
Position eror: 441.173337
Position eror: 322.004650
Position eror: 209.569329
Position eror: 116.574232
Position eror: 58.150057
Position eror: 44.821725
Position eror: 44.886469
Position eror: 58.314404
Position eror: 116.734634
Position eror: 209.720262
Position eror: 322.157806
Position eror: 441.337086
Position eror: 555.028230
Position eror: 651.873985
Position eror: 722.290040
Position eror: 759.335587
Position eror: 759.368490
Position eror: 722.396370

Error at waypoint: 722.396370


