----- Data Log for FMS -----
=== From Lisbon to Paris ===
Lisbon has coordinates 0.676861 -0.159452 and altitude 113.995200m, Paris has coordinates 0.855435 0.044506 and altitude 119.481600m
Position eror: 0.000000
Position eror: 37.066720
Position eror: 107.571318
Position eror: 204.612503
Position eror: 318.691043
Position eror: 438.640197
Position eror: 552.718631
Position eror: 649.759792
Position eror: 720.264925
Position eror: 757.332877
Position eror: 757.335714
Position eror: 720.273918
Position eror: 649.776376
Position eror: 552.745572
Position eror: 438.682446
Position eror: 318.758161
Position eror: 204.725854
Position eror: 107.793786
Position eror: 37.706634
Position eror: 6.877213
Position eror: 6.868013
Position eror: 37.708313
Position eror: 107.800834
Position eror: 204.736620
Position eror: 318.771624
Position eror: 438.698184
Position eror: 552.763771
Position eror: 649.798063
Position eror: 720.301059
Position eror: 757.371385
Position eror: 757.381410
Position eror: 720.332315
Position eror: 649.854478
Position eror: 552.853200
Position eror: 438.835471
Position eror: 318.986515
Position eror: 205.097818
Position eror: 108.511452
Position eror: 39.713879
Position eror: 14.208607
Position eror: 14.188885
Position eror: 39.706942
Position eror: 108.522192
Position eror: 205.120703
Position eror: 319.019417
Position eror: 438.877966
Position eror: 552.905965
Position eror: 649.919503
Position eror: 720.413127
Position eror: 757.483349
Position eror: 757.502133
Position eror: 720.471609
Position eror: 650.024596
Position eror: 553.071673
Position eror: 439.131038
Position eror: 319.413886
Position eror: 205.781519
Position eror: 109.813646
Position eror: 43.147742
Position eror: 22.030749
Position eror: 21.999566
Position eror: 43.121356
Position eror: 109.822037
Position eror: 205.814045
Position eror: 319.466485
Position eror: 439.202766
Position eror: 553.163625
Position eror: 650.139813
Position eror: 720.615366
Position eror: 757.682478
Position eror: 757.711937
Position eror: 720.706929
Position eror: 650.304046
Position eror: 553.421965
Position eror: 439.596235
Position eror: 320.078138
Position eror: 206.835081
Position eror: 111.795256
Position eror: 47.973216
Position eror: 30.394229
Position eror: 30.349916
Position eror: 47.917073
Position eror: 111.793155
Position eror: 206.873291
Position eror: 320.149600
Position eror: 439.699038
Position eror: 553.557423
Position eror: 650.476356
Position eror: 720.923447
Position eror: 757.983859
Position eror: 758.026247
Position eror: 721.055140
Position eror: 650.712364
Position eror: 553.928220
Position eror: 440.263104
Position eror: 321.024987
Position eror: 208.329158
Position eror: 114.565286
Position eror: 54.131889
Position eror: 39.390728
Position eror: 39.331291
Position eror: 54.036106
Position eror: 114.541157
Position eror: 208.365663
Position eror: 321.111076
Position eror: 440.395408
Position eror: 554.108180
Position eror: 650.945456
Position eror: 721.351200
Position eror: 758.400441
Position eror: 758.458627
Position eror: 721.532123
Position eror: 651.270114
Position eror: 554.619375
Position eror: 441.175216
Position eror: 322.324760
Position eror: 210.385267
Position eror: 118.333435
Position eror: 61.783481
Position eror: 49.412199
Position eror: 49.335269
Position eror: 61.621423
Position eror: 118.224685
Position eror: 210.312050

Error at waypoint: 210.312050


=== From Paris to Moscow ===
Paris has coordinates 0.855435 0.044506 and altitude 119.481600m, Moscow has coordinates 0.967066 0.661590 and altitude 179.222400m
Position eror: 210.312050
Position eror: 260.270354
Position eror: 359.811316
Position eror: 500.966486
Position eror: 669.302691
Position eror: 847.501723
Position eror: 1017.564261
Position eror: 1162.525834
Position eror: 1268.029237
Position eror: 1323.675699
Position eror: 1324.016933
Position eror: 1269.081920
Position eror: 1164.383708
Position eror: 1020.408559
Position eror: 851.647785
Position eror: 675.284206
Position eror: 509.662920
Position eror: 372.518873
Position eror: 278.172578
Position eror: 232.557738
Position eror: 232.765471
Position eror: 278.779882
Position eror: 373.483811
Position eror: 510.955558
Position eror: 676.906253
Position eror: 853.625627
Position eror: 1022.787105
Position eror: 1167.226323
Position eror: 1272.474808
Position eror: 1328.077764
Position eror: 1328.568089
Position eror: 1273.986597
Position eror: 1169.891389
Position eror: 1026.859249
Position eror: 859.542526
Position eror: 685.394941
Position eror: 523.167020
Position eror: 390.962743
Position eror: 302.567859
Position eror: 261.342989
Position eror: 261.585597
Position eror: 303.308183
Position eror: 392.198358
Position eror: 524.879732
Position eror: 687.588733
Position eror: 862.250877
Position eror: 1030.141318
Position eror: 1173.832075
Position eror: 1278.702163
Position eror: 1334.217768
Position eror: 1334.883488
Position eror: 1280.753620
Position eror: 1177.444207
Position eror: 1035.648841
Position eror: 870.223858
Position eror: 698.950275
Position eror: 541.014526
Position eror: 414.743517
Position eror: 332.896176
Position eror: 296.041471
Position eror: 296.323675
Position eror: 333.784588
Position eror: 416.285565
Position eror: 543.213121
Position eror: 701.812692
Position eror: 873.789963
Position eror: 1039.992757
Position eror: 1182.674882
Position eror: 1287.021669
Position eror: 1342.395936
Position eror: 1343.263493
Position eror: 1289.693697
Position eror: 1187.373937
Position eror: 1047.141254
Position eror: 884.095496
Position eror: 716.384033
Position eror: 563.602785
Position eror: 444.045558
Position eror: 368.964789
Position eror: 336.232580
Position eror: 336.568285
Position eror: 370.038974
Position eror: 445.956050
Position eror: 566.379113
Position eror: 720.037084
Position eror: 888.669899
Position eror: 1052.726210
Position eror: 1194.104855
Position eror: 1297.760041
Position eror: 1352.926733
Position eror: 1354.021053
Position eror: 1301.128737
Position eror: 1200.021876
Position eror: 1061.706063
Position eror: 901.556795
Position eror: 738.101190
Position eror: 591.254086
Position eror: 478.945700
Position eror: 410.556258
Position eror: 381.595787
Position eror: 382.007087
Position eror: 411.876092
Position eror: 481.314078
Position eror: 594.726063
Position eror: 742.688922
Position eror: 907.306362
Position eror: 1068.720878
Position eror: 1208.465977
Position eror: 1311.235305
Position eror: 1366.113397
Position eror: 1367.455933
Position eror: 1315.366386
Position eror: 1215.714385
Position eror: 1079.696327
Position eror: 922.984717
Position eror: 764.469255
Position eror: 624.233552
Position eror: 519.490075
Position eror: 457.544247
Position eror: 431.998292
Position eror: 432.513591
Position eror: 459.185090
Position eror: 522.419495
Position eror: 628.519294
Position eror: 770.116452
Position eror: 930.035010
Position eror: 1088.265769
Position eror: 1225.998825
Position eror: 1327.650300
Position eror: 1382.136615
Position eror: 1383.745707
Position eror: 1332.604493
Position eror: 1234.699487
Position eror: 1101.448782
Position eror: 948.851606
Position eror: 796.144156
Position eror: 663.423616
Position eror: 566.876701
Position eror: 511.685851

Error at waypoint: 511.685851


=== From Moscow to Oslo ===
Moscow has coordinates 0.967066 0.661590 and altitude 179.222400m, Oslo has coordinates 1.050582 0.193739 and altitude 207.568800m
Position eror: 511.685851
Position eror: 514.871212
Position eror: 528.715803
Position eror: 562.172750
Position eror: 619.112325
Position eror: 694.513041
Position eror: 776.865687
Position eror: 852.885416
Position eror: 910.866951
Position eror: 942.381759
Position eror: 943.064421
Position eror: 912.933836
Position eror: 856.387226
Position eror: 781.860865
Position eror: 701.007075
Position eror: 626.942269
Position eror: 570.880092
Position eror: 537.573493
Position eror: 523.155625
Position eror: 518.940641
Position eror: 518.362160
Position eror: 521.524258
Position eror: 535.215201
Position eror: 568.315092
Position eror: 624.731220
Position eror: 699.574526
Position eror: 781.453243
Position eror: 857.135915
Position eror: 914.927359
Position eror: 946.394994
Position eror: 947.171007
Position eror: 917.279254
Position eror: 861.128958
Position eror: 787.168260
Position eror: 707.041183
Position eror: 633.799240
Position eror: 578.509604
Position eror: 545.759189
Position eror: 531.632299
Position eror: 527.533519
Position eror: 526.997069
Position eror: 530.131308
Position eror: 543.628174
Position eror: 576.274077
Position eror: 632.020487
Position eror: 706.145071
Position eror: 787.407061
Position eror: 862.645382
Position eror: 920.179094
Position eror: 951.570656
Position eror: 952.448698
Position eror: 922.842421
Position eror: 867.174844
Position eror: 793.907093
Position eror: 714.670340
Position eror: 642.433070
Position eror: 588.081947
Position eror: 556.004794
Position eror: 542.231101
Position eror: 538.275789
Position eror: 537.793308
Position eror: 540.895736
Position eror: 554.157536
Position eror: 586.249587
Position eror: 641.172984
Position eror: 714.406604
Position eror: 794.896815
Position eror: 869.572702
Position eror: 926.773273
Position eror: 958.055796
Position eror: 959.044358
Position eror: 929.773835
Position eror: 874.682609
Position eror: 802.245150
Position eror: 724.073363
Position eror: 653.031912
Position eror: 599.790896
Position eror: 568.506978
Position eror: 555.150968
Position eror: 551.368524
Position eror: 550.953320
Position eror: 554.020345
Position eror: 567.005658
Position eror: 598.442194
Position eror: 652.384023
Position eror: 724.544771
Position eror: 804.096223
Position eror: 878.080412
Position eror: 934.864099
Position eror: 966.000030
Position eror: 967.107090
Position eror: 938.226188
Position eror: 883.812288
Position eror: 812.352617
Position eror: 735.431332
Position eror: 665.785550
Position eror: 613.831439
Position eror: 583.464112
Position eror: 570.593792
Position eror: 567.016700
Position eror: 566.683192
Position eror: 569.709924
Position eror: 582.374481
Position eror: 613.049747
Position eror: 665.844306
Position eror: 736.738704
Position eror: 815.170239
Position eror: 888.319927
Position eror: 944.592580
Position eror: 975.538427
Position eror: 976.771104
Position eror: 948.338234
Position eror: 894.712552
Position eror: 824.392694
Position eror: 748.924755
Position eror: 680.892017
Position eror: 630.417849
Position eror: 601.105827
Position eror: 588.803035
Position eror: 585.472892
Position eror: 585.236198
Position eror: 588.208245
Position eror: 600.488813
Position eror: 630.270805
Position eror: 681.720424
Position eror: 751.119137
Position eror: 828.213548
Position eror: 900.354186
Position eror: 955.997584
Position eror: 986.696156
Position eror: 988.061075
Position eror: 960.151170
Position eror: 907.463719
Position eror: 838.514884
Position eror: 764.810530
Position eror: 698.759301
Position eror: 650.149842
Position eror: 622.247679
Position eror: 610.806338
Position eror: 607.941173

Error at waypoint: 607.941173


=== From Oslo to Rome ===
Oslo has coordinates 1.050582 0.193739 and altitude 207.568800m, Rome has coordinates 0.729552 0.213609 and altitude 3.962400m
Position eror: 607.941173
Position eror: 515.977466
Position eror: 342.112776
Position eror: 115.737033
Position eror: 205.458017
Position eror: 498.121817
Position eror: 781.654905
Position eror: 1023.639126
Position eror: 1199.652731
Position eror: 1292.251338
Position eror: 1292.307481
Position eror: 1199.832860
Position eror: 1023.985842
Position eror: 782.276403
Position eror: 499.337081
Position eror: 208.898609
Position eror: 122.493498
Position eror: 344.682089
Position eror: 517.810167
Position eror: 609.589588
Position eror: 609.640258
Position eror: 517.993179
Position eror: 345.159739
Position eror: 124.469179
Position eror: 210.493419
Position eror: 500.211568
Position eror: 782.981184
Position eror: 1024.646790
Position eror: 1200.509179
Position eror: 1293.045109
Position eror: 1293.102180
Position eror: 1200.692287
Position eror: 1024.999292
Position eror: 783.613384
Position eror: 501.448069
Position eror: 213.941719
Position eror: 130.983730
Position eror: 347.817007
Position eror: 519.919159
Position eror: 611.394979
Position eror: 611.456271
Position eror: 520.138510
Position eror: 348.378413
Position eror: 133.135095
Position eror: 215.719788
Position eror: 502.424250
Position eror: 784.389237
Position eror: 1025.717241
Position eror: 1201.418589
Position eror: 1293.886802
Position eror: 1293.943017
Position eror: 1201.599131
Position eror: 1026.065480
Position eror: 785.015473
Position eror: 503.651741
Position eror: 219.096511
Position eror: 139.307801
Position eror: 351.060592
Position eror: 522.109007
Position eror: 613.268035
Position eror: 613.335495
Position eror: 522.348827
Position eror: 351.664893
Position eror: 141.476330
Position eror: 220.927926
Position eror: 504.660660
Position eror: 785.807283
Position eror: 1026.788882
Position eror: 1202.322811
Position eror: 1294.716001

Error at waypoint: 1294.716001


=== From Rome to Madrid ===
Rome has coordinates 0.729552 0.213609 and altitude 3.962400m, Madrid has coordinates 0.706368 -0.062180 and altitude 608.990400m
Position eror: 1294.716001
Position eror: 1290.472505
Position eror: 1286.593556
Position eror: 1290.855024
Position eror: 1310.047651
Position eror: 1346.065391
Position eror: 1394.196867
Position eror: 1444.636078
Position eror: 1485.964653
Position eror: 1508.618835
Position eror: 1507.259639
Position eror: 1481.902705
Position eror: 1437.938071
Position eror: 1385.036030
Position eror: 1334.792313
Position eror: 1297.224602
Position eror: 1277.192379
Position eror: 1272.791693
Position eror: 1277.063001
Position eror: 1281.988406
Position eror: 1282.410584
Position eror: 1278.238824
Position eror: 1274.448612
Position eror: 1278.889433
Position eror: 1298.407854
Position eror: 1334.893621
Position eror: 1383.566809
Position eror: 1434.526501
Position eror: 1476.274287
Position eror: 1499.197953
Position eror: 1497.939000
Position eror: 1472.516313
Position eror: 1428.344934
Position eror: 1375.145962
Position eror: 1324.592533
Position eror: 1286.789597
Position eror: 1266.655830
Position eror: 1262.286268
Position eror: 1266.668264
Position eror: 1271.719414
Position eror: 1272.243487
Position eror: 1268.152288
Position eror: 1264.462925
Position eror: 1269.086218
Position eror: 1288.913568
Position eror: 1325.827883
Position eror: 1374.988808
Position eror: 1426.414468
Position eror: 1468.539702
Position eror: 1491.712690
Position eror: 1490.559413
Position eror: 1465.101625
Position eror: 1420.774464
Position eror: 1367.339855
Position eror: 1316.533614
Position eror: 1278.532575
Position eror: 1258.306173
Position eror: 1253.952431
Position eror: 1258.419428
Position eror: 1263.575646
Position eror: 1264.195817
Position eror: 1260.195466
Position eror: 1256.625785
Position eror: 1261.445563
Position eror: 1281.578049
Position eror: 1318.894656
Position eror: 1368.500982
Position eror: 1420.347218
Position eror: 1462.813959
Position eror: 1486.217947
Position eror: 1485.172758
Position eror: 1459.701432
Position eror: 1415.252937
Position eror: 1361.618630
Position eror: 1310.581857
Position eror: 1272.377500
Position eror: 1252.021499
Position eror: 1247.624936
Position eror: 1252.116666
Position eror: 1257.336706
Position eror: 1258.045198
Position eror: 1254.167432
Position eror: 1250.785836
Position eror: 1255.896086
Position eror: 1276.437956
Position eror: 1314.258920
Position eror: 1364.406738
Position eror: 1416.767235
Position eror: 1459.671620
Position eror: 1483.407847

Error at waypoint: 1483.407847


=== From Madrid to Funchal ===
Madrid has coordinates 0.706368 -0.062180 and altitude 608.990400m, Funchal has coordinates 0.570686 -0.292770 and altitude 58.521600m
Position eror: 1483.407847
Position eror: 1528.079341
Position eror: 1615.537950
Position eror: 1739.442650
Position eror: 1889.100059
Position eror: 2050.029678
Position eror: 2205.667763
Position eror: 2339.529297
Position eror: 2437.265219
Position eror: 2488.329025
Position eror: 2487.132574
Position eror: 2433.636804
Position eror: 2333.353682
Position eror: 2196.761799
Position eror: 2038.164233
Position eror: 1874.047128
Position eror: 1721.057416
Position eror: 1593.868239
Position eror: 1503.460394
Position eror: 1456.476502
Position eror: 1455.796464
Position eror: 1501.426643
Position eror: 1590.496980
Position eror: 1716.365122
Position eror: 1868.035310
Position eror: 2030.804310
Position eror: 2187.984357
Position eror: 2323.041979
Position eror: 2421.621783
Position eror: 2473.187022
Position eror: 2472.160116
Position eror: 2418.506585
Position eror: 2317.736514
Position eror: 2180.325707
Position eror: 2020.586738
Position eror: 1855.050467
Position eror: 1700.474136
Position eror: 1571.729842
Position eror: 1480.072518
Position eror: 1432.423148
Position eror: 1431.839425
Position eror: 1478.328271
Position eror: 1568.842444
Position eror: 1696.461245
Position eror: 1849.915551
Position eror: 2014.305727
Position eror: 2172.838171
Position eror: 2308.940537
Position eror: 2408.254694
Position eror: 2460.254138
Position eror: 2459.371270
Position eror: 2405.575491
Position eror: 2304.374315
Position eror: 2166.239287
Position eror: 2005.488600
Position eror: 1838.689051
Position eror: 1682.692217
Position eror: 1552.545972
Position eror: 1459.753668
Position eror: 1411.493914
Position eror: 1410.991717
Position eror: 1458.255234
Position eror: 1550.071644
Position eror: 1679.263118
Position eror: 1834.312485
Position eror: 2000.145817
Position eror: 2159.878148
Position eror: 2296.905261
Position eror: 2396.868247
Position eror: 2449.250265
Position eror: 2448.492108
Position eror: 2394.565211
Position eror: 2292.972397
Position eror: 2154.177886
Position eror: 1992.500228
Position eror: 1824.533132
Position eror: 1667.208843
Position eror: 1535.734751
Position eror: 1441.849778
Position eror: 1392.988537
Position eror: 1392.557294
Position eror: 1440.604287

Error at waypoint: 1440.604287


=== From Funchal to Ponta Delgada ===
Funchal has coordinates 0.570686 -0.292770 and altitude 58.521600m, Ponta Delgada has coordinates 0.658708 -0.448513 and altitude 78.943200m
Position eror: 1440.604287
Position eror: 1419.996138
Position eror: 1391.851797
Position eror: 1376.221706
Position eror: 1392.528137
Position eror: 1448.395430
Position eror: 1534.228923
Position eror: 1628.207498
Position eror: 1706.044757
Position eror: 1748.504622
Position eror: 1745.192531
Position eror: 1695.956371
Position eror: 1610.941662
Position eror: 1509.341028
Position eror: 1415.816526
Position eror: 1353.060660
Position eror: 1331.584311
Position eror: 1343.950609
Position eror: 1370.060108
Position eror: 1388.898986
Position eror: 1387.821178
Position eror: 1366.632543
Position eror: 1337.634595
Position eror: 1321.662687
Position eror: 1338.931093
Position eror: 1397.206069
Position eror: 1486.205278
Position eror: 1583.177483
Position eror: 1663.195912
Position eror: 1706.726716
Position eror: 1703.268847
Position eror: 1652.646586
Position eror: 1565.065320
Position eror: 1459.979577
Position eror: 1362.704147
Position eror: 1296.971391
Position eror: 1274.148442
Position eror: 1286.731924
Position eror: 1313.765670
Position eror: 1333.361247
Position eror: 1332.442416
Position eror: 1310.946360
Position eror: 1284.097342

Error at waypoint: 1284.097342


=== From Ponta Delgada to New York ===
Ponta Delgada has coordinates 0.658708 -0.448513 and altitude 78.943200m, New York has coordinates 0.709298 -1.287685 and altitude 3.962400m
Position eror: 1284.097342
Position eror: 1295.411148
Position eror: 1353.054007
Position eror: 1496.569237
Position eror: 1735.722664
Position eror: 2040.747368
Position eror: 2362.322008
Position eror: 2650.859441
Position eror: 2865.383017
Position eror: 2977.029699
Position eror: 2970.728560
Position eror: 2845.964734
Position eror: 2616.710457
Position eror: 2310.557207
Position eror: 1967.128475
Position eror: 1635.355462
Position eror: 1366.755235
Position eror: 1197.792638
Position eror: 1124.662395
Position eror: 1105.954865
Position eror: 1104.056689
Position eror: 1118.379717
Position eror: 1185.897524
Position eror: 1348.566709
Position eror: 1611.046783
Position eror: 1936.947193
Position eror: 2274.321697
Position eror: 2573.751001
Position eror: 2795.133217
Position eror: 2910.332360
Position eror: 2904.663539
Position eror: 2777.638362
Position eror: 2542.881848
Position eror: 2227.231721
Position eror: 1869.210449
Position eror: 1516.910290
Position eror: 1223.453648
Position eror: 1032.311680
Position eror: 947.582548
Position eror: 926.399509
Position eror: 925.235359
Position eror: 943.447734
Position eror: 1023.853926
Position eror: 1209.890169
Position eror: 1498.280845
Position eror: 1845.611871
Position eror: 2198.422680
Position eror: 2508.241465
Position eror: 2736.151705
Position eror: 2854.841759
Position eror: 2850.046799
Position eror: 2721.332823
Position eror: 2482.008597
Position eror: 2158.154463
Position eror: 1787.011153
Position eror: 1415.107996
Position eror: 1095.540670
Position eror: 877.922172
Position eror: 777.525668
Position eror: 752.499172
Position eror: 751.967965
Position eror: 775.259092
Position eror: 872.508674
Position eror: 1086.180968
Position eror: 1401.767374
Position eror: 1769.697726
Position eror: 2136.628168
Position eror: 2455.746083
Position eror: 2689.497410
Position eror: 2811.408924
Position eror: 2807.631039
Position eror: 2677.805322
Position eror: 2434.981587
Position eror: 2104.558635
Position eror: 1722.489525
Position eror: 1333.279729
Position eror: 988.206872
Position eror: 740.342521
Position eror: 618.648039
Position eror: 587.459172
Position eror: 587.358466
Position eror: 617.685959
Position eror: 737.185225
Position eror: 982.197510
Position eror: 1324.390496
Position eror: 1710.694497
Position eror: 2089.653128
Position eror: 2416.556587
Position eror: 2655.214125
Position eror: 2779.919868
Position eror: 2777.194915
Position eror: 2646.759610
Position eror: 2401.460964
Position eror: 2066.122159
Position eror: 1675.513216
Position eror: 1271.932102
Position eror: 903.245736
Position eror: 621.235468
Position eror: 466.548364

Error at waypoint: 466.548364


=== From New York to Halifax ===
New York has coordinates 0.709298 -1.287685 and altitude 3.962400m, Halifax has coordinates 0.783318 -1.108434 and altitude 145.389600m
Position eror: 466.548364
Position eror: 404.037426
Position eror: 326.442386
Position eror: 359.894800
Position eror: 553.379214
Position eror: 816.396968
Position eror: 1083.937377
Position eror: 1316.912906
Position eror: 1487.647799
Position eror: 1577.302511
Position eror: 1576.157346
Position eror: 1484.064786
Position eror: 1310.387485
Position eror: 1073.368757
Position eror: 799.443254
Position eror: 524.803475
Position eror: 310.624841
Position eror: 269.059918
Position eror: 358.942648
Position eror: 428.551479
Position eror: 429.022437
Position eror: 360.390974
Position eror: 271.251292
Position eror: 311.501934
Position eror: 523.763984
Position eror: 797.032765
Position eror: 1069.753268
Position eror: 1305.531979
Position eror: 1477.810916
Position eror: 1568.220457
Position eror: 1567.219900
Position eror: 1474.662278
Position eror: 1299.722670
Position eror: 1060.093213

Error at waypoint: 1060.093213


=== From Halifax to London ===
Halifax has coordinates 0.783318 -1.108434 and altitude 145.389600m, London has coordinates 0.898331 -0.008062 and altitude 25.298400m
Position eror: 1060.093213
Position eror: 1094.654254
Position eror: 1161.311482
Position eror: 1253.915757
Position eror: 1363.618228
Position eror: 1479.662834
Position eror: 1590.499107
Position eror: 1685.010597
Position eror: 1753.680414
Position eror: 1789.567749
Position eror: 1789.007715
Position eror: 1751.976209
Position eror: 1682.089908
Position eror: 1586.242532
Position eror: 1473.909557
Position eror: 1356.182939
Position eror: 1244.625794
Position eror: 1150.070201
Position eror: 1081.520051
Position eror: 1045.335341
Position eror: 1044.790584
Position eror: 1079.922929
Position eror: 1147.515002
Position eror: 1241.225242
Position eror: 1352.031923
Position eror: 1469.064724
Position eror: 1580.716358
Position eror: 1675.851891
Position eror: 1744.955303
Position eror: 1781.093067
Position eror: 1780.606938
Position eror: 1743.475846
Position eror: 1673.315840
Position eror: 1577.019072
Position eror: 1464.064826
Position eror: 1345.565683
Position eror: 1233.138941
Position eror: 1137.721084
Position eror: 1068.471743
Position eror: 1031.922276
Position eror: 1031.462086
Position eror: 1067.123212
Position eror: 1135.565165
Position eror: 1230.271632
Position eror: 1342.066940
Position eror: 1459.981599
Position eror: 1572.360720
Position eror: 1668.055426
Position eror: 1737.552250
Position eror: 1773.925371
Position eror: 1773.523428
Position eror: 1736.328902
Position eror: 1665.958066
Position eror: 1569.302195
Position eror: 1455.843903
Position eror: 1336.712879
Position eror: 1223.571613
Position eror: 1127.444467
Position eror: 1057.623385
Position eror: 1020.786436
Position eror: 1020.421200
Position eror: 1056.553481
Position eror: 1125.734919
Position eror: 1221.298996
Position eror: 1333.940394
Position eror: 1452.608101
Position eror: 1565.609660
Position eror: 1661.786582
Position eror: 1731.629138
Position eror: 1768.219262
Position eror: 1767.912469
Position eror: 1730.695325
Position eror: 1660.185386
Position eror: 1563.274156
Position eror: 1449.447563
Position eror: 1329.849119
Position eror: 1216.176736
Position eror: 1119.523456
Position eror: 1049.284798
Position eror: 1012.253703
Position eror: 1011.993741
Position eror: 1048.523500
Position eror: 1118.307450
Position eror: 1214.560663
Position eror: 1327.877799
Position eror: 1447.146616
Position eror: 1560.647830
Position eror: 1657.217404
Position eror: 1727.350088
Position eror: 1764.135161
Position eror: 1763.934804
Position eror: 1726.740161
Position eror: 1656.171327
Position eror: 1559.121570
Position eror: 1445.080545
Position eror: 1325.202409
Position eror: 1211.210031
Position eror: 1114.243311
Position eror: 1043.767298
Position eror: 1006.650912
Position eror: 1006.506256
Position eror: 1043.343730
Position eror: 1113.566948
Position eror: 1210.311394
Position eror: 1324.106501
Position eror: 1443.801663
Position eror: 1557.662112
Position eror: 1654.522190
Position eror: 1724.881355
Position eror: 1761.835459
Position eror: 1761.752868
Position eror: 1724.629804
Position eror: 1654.090353
Position eror: 1557.031353
Position eror: 1442.946919
Position eror: 1322.998781
Position eror: 1208.923477
Position eror: 1111.883357
Position eror: 1041.374084
Position eror: 1004.295324
Position eror: 1004.275419
Position eror: 1041.315906
Position eror: 1111.790772
Position eror: 1208.801152
Position eror: 1322.850765
Position eror: 1442.775865
Position eror: 1556.838260
Position eror: 1653.874484
Position eror: 1724.388604
Position eror: 1761.481881
Position eror: 1761.528215
Position eror: 1724.529338
Position eror: 1654.114884
Position eror: 1557.187285
Position eror: 1443.246056
Position eror: 1323.457253
Position eror: 1209.558782
Position eror: 1112.708742
Position eror: 1042.390272
Position eror: 1005.483427
Position eror: 1005.596961
Position eror: 1042.723043
Position eror: 1113.241271
Position eror: 1210.268667
Position eror: 1324.326730
Position eror: 1444.265933
Position eror: 1558.357568
Position eror: 1655.444202
Position eror: 1726.034221
Position eror: 1763.232915
Position eror: 1763.418877
Position eror: 1726.599719
Position eror: 1656.412212
Position eror: 1559.766477
Position eror: 1446.168280
Position eror: 1326.784313
Position eror: 1213.340512
Position eror: 1116.961705
Position eror: 1047.072378
Position eror: 1010.479342
Position eror: 1010.733953
Position eror: 1047.818932
Position eror: 1118.156991
Position eror: 1214.934470
Position eror: 1328.736920
Position eror: 1448.458243
Position eror: 1562.393092
Position eror: 1659.394294
Position eror: 1729.974267
Position eror: 1767.240841
Position eror: 1767.576357
Position eror: 1730.994608
Position eror: 1661.141018
Position eror: 1564.935332
Position eror: 1451.890066
Position eror: 1333.168117
Position eror: 1220.468688
Position eror: 1124.852610
Position eror: 1055.637754
Position eror: 1019.503260
Position eror: 1019.905425
Position eror: 1056.817708
Position eror: 1126.743802
Position eror: 1222.993548
Position eror: 1336.264186
Position eror: 1455.523788
Position eror: 1569.105387
Position eror: 1665.876940
Position eror: 1736.354923
Position eror: 1773.648296
Position eror: 1774.142182
Position eror: 1737.856770
Position eror: 1668.447421
Position eror: 1572.845103
Position eror: 1460.568897
Position eror: 1342.772312
Position eror: 1231.111574
Position eror: 1136.551414
Position eror: 1068.255051
Position eror: 1032.721355
Position eror: 1033.276183
Position eror: 1069.884310
Position eror: 1139.166366
Position eror: 1234.607997
Position eror: 1347.065513
Position eror: 1465.612892
Position eror: 1578.637834
Position eror: 1675.029331
Position eror: 1745.308549
Position eror: 1782.584476
Position eror: 1783.244105
Position eror: 1747.314085
Position eror: 1678.460750
Position eror: 1583.627238
Position eror: 1472.337974
Position eror: 1355.730051
Position eror: 1245.398852
Position eror: 1152.180202
Position eror: 1085.036396
Position eror: 1050.237819
Position eror: 1050.948963
Position eror: 1087.126749
Position eror: 1155.540711
Position eror: 1249.900192
Position eror: 1361.265855
Position eror: 1478.849693
Position eror: 1591.111698
Position eror: 1686.969139
Position eror: 1756.949436
Position eror: 1794.161000
Position eror: 1794.991954
Position eror: 1759.475369
Position eror: 1691.289110
Position eror: 1597.388590
Position eror: 1487.301080
Position eror: 1372.138474
Position eror: 1263.415918
Position eror: 1171.807609
Position eror: 1106.032164
Position eror: 1072.090129
Position eror: 1072.959656
Position eror: 1108.590958
Position eror: 1175.928756
Position eror: 1268.947092
Position eror: 1378.952610
Position eror: 1495.326919
Position eror: 1606.621265
Position eror: 1701.789976
Position eror: 1771.369468
Position eror: 1808.467729
Position eror: 1809.473522
Position eror: 1774.426177
Position eror: 1707.015080
Position eror: 1614.207030
Position eror: 1505.528042
Position eror: 1392.054181
Position eror: 1285.199693
Position eror: 1195.445528
Position eror: 1131.228977
Position eror: 1098.247923
Position eror: 1099.276312
Position eror: 1134.258915
Position eror: 1200.335069
Position eror: 1291.776159
Position eror: 1400.171034
Position eror: 1515.101287
Position eror: 1625.229350
Position eror: 1719.557045
Position eror: 1788.633992
Position eror: 1825.568732
Position eror: 1826.750598
Position eror: 1792.224860
Position eror: 1725.691816
Position eror: 1634.127544
Position eror: 1527.051039
Position eror: 1415.490102
Position eror: 1310.736609
Position eror: 1223.048625
Position eror: 1160.551004
Position eror: 1128.615635
Position eror: 1129.801750
Position eror: 1164.049970
Position eror: 1228.706529
Position eror: 1318.363337
Position eror: 1424.921240
Position eror: 1538.189909
Position eror: 1646.963496
Position eror: 1740.303380
Position eror: 1808.778053
Position eror: 1845.498651
Position eror: 1846.855429
Position eror: 1812.899185
Position eror: 1747.339795
Position eror: 1657.159300
Position eror: 1551.862235
Position eror: 1442.414146
Position eror: 1339.962788
Position eror: 1254.516784
Position eror: 1193.864654
Position eror: 1163.038637
Position eror: 1164.379739
Position eror: 1197.825704
Position eror: 1260.934900
Position eror: 1348.633544
Position eror: 1453.157024
Position eror: 1564.568111
Position eror: 1671.813261
Position eror: 1764.026811
Position eror: 1831.803308
Position eror: 1868.259622
Position eror: 1869.787755
Position eror: 1836.443532
Position eror: 1771.944441
Position eror: 1683.273923
Position eror: 1579.913073
Position eror: 1472.749995
Position eror: 1372.767092
Position eror: 1289.700697
Position eror: 1230.986682
Position eror: 1201.312922
Position eror: 1202.804723
Position eror: 1235.398095
Position eror: 1296.862672
Position eror: 1382.463867
Position eror: 1484.786877
Position eror: 1594.168837
Position eror: 1699.728483
Position eror: 1790.687579
Position eror: 1857.675297
Position eror: 1893.818417
Position eror: 1895.512097
Position eror: 1862.816643
Position eror: 1799.454574
Position eror: 1712.405096
Position eror: 1611.115644
Position eror: 1506.380968
Position eror: 1408.997982
Position eror: 1328.412070
Position eror: 1271.697261
Position eror: 1243.199875
Position eror: 1244.836686
Position eror: 1276.542822
Position eror: 1336.293400
Position eror: 1419.690499
Position eror: 1519.677502
Position eror: 1626.883214
Position eror: 1730.617593
Position eror: 1820.204988
Position eror: 1886.318994
Position eror: 1922.101581
Position eror: 1923.953106
Position eror: 1891.937921
Position eror: 1829.780605
Position eror: 1744.449745
Position eror: 1645.348030
Position eror: 1543.160741
Position eror: 1448.480611
Position eror: 1370.447249
Position eror: 1315.769068
Position eror: 1288.458658
Position eror: 1290.233753
Position eror: 1321.028780
Position eror: 1379.015085
Position eror: 1460.123615
Position eror: 1557.659244
Position eror: 1662.556641
Position eror: 1764.335229
Position eror: 1852.438009
Position eror: 1917.594437
Position eror: 1952.968588
Position eror: 1954.969542
Position eror: 1923.666551
Position eror: 1862.784388
Position eror: 1779.275616
Position eror: 1682.488042
Position eror: 1582.982245
Position eror: 1491.128745
Position eror: 1415.746075
Position eror: 1363.169854
Position eror: 1337.078542
Position eror: 1338.987560
Position eror: 1368.813863
Position eror: 1424.887554
Position eror: 1503.284270

Error at waypoint: 1503.284270


=== From London to Lisbon ===
London has coordinates 0.898331 -0.008062 and altitude 25.298400m, Lisbon has coordinates 0.676861 -0.159452 and altitude 113.995200m
Position eror: 1503.284270
Position eror: 1490.412825
Position eror: 1465.246422
Position eror: 1430.862751
Position eror: 1391.299722
Position eror: 1350.968926
Position eror: 1314.040622
Position eror: 1283.942773
Position eror: 1263.099491
Position eror: 1252.941963
Position eror: 1254.090988
Position eror: 1266.523886
Position eror: 1289.578518
Position eror: 1321.794462
Position eror: 1360.737428
Position eror: 1402.991899
Position eror: 1444.421312
Position eror: 1480.663538
Position eror: 1507.738826
Position eror: 1522.629636
Position eror: 1523.721649
Position eror: 1511.038005
Position eror: 1486.235967
Position eror: 1452.365815
Position eror: 1413.422710
Position eror: 1373.760631
Position eror: 1337.481661
Position eror: 1307.943642
Position eror: 1287.509153
Position eror: 1277.565285
Position eror: 1278.710700
Position eror: 1290.923588
Position eror: 1313.565516
Position eror: 1345.220931
Position eror: 1383.516935
Position eror: 1425.107200
Position eror: 1465.921952
Position eror: 1501.655201
Position eror: 1528.368611
Position eror: 1543.070841
Position eror: 1544.159786
Position eror: 1531.657982
Position eror: 1507.209226
Position eror: 1473.836462
Position eror: 1435.492566
Position eror: 1396.475138
Position eror: 1360.820265
Position eror: 1331.818638
Position eror: 1311.774562
Position eror: 1302.033758
Position eror: 1303.174243
Position eror: 1315.175111
Position eror: 1337.420039
Position eror: 1368.535656
Position eror: 1406.207273
Position eror: 1447.154835
Position eror: 1487.373203
Position eror: 1522.611308
Position eror: 1548.971715
Position eror: 1563.489150
Position eror: 1564.573744
Position eror: 1552.247401
Position eror: 1528.140454
Position eror: 1495.248646
Position eror: 1457.483122
Position eror: 1419.086389
Position eror: 1384.030716
Position eror: 1355.542532
Position eror: 1335.870943
Position eror: 1326.322830
Position eror: 1327.456997
Position eror: 1339.253362
Position eror: 1361.116301
Position eror: 1391.712116
Position eror: 1428.781278
Position eror: 1469.107180
Position eror: 1508.747206
Position eror: 1543.503915
Position eror: 1569.520160
Position eror: 1583.856558
Position eror: 1584.935461
Position eror: 1572.778119
Position eror: 1549.001440
Position eror: 1516.574167
Position eror: 1479.366359
Position eror: 1441.566759
Position eror: 1407.085997
Position eror: 1379.089005
Position eror: 1359.772605
Position eror: 1350.407201
Position eror: 1351.533655
Position eror: 1363.132717
Position eror: 1384.628117
Position eror: 1414.723452
Position eror: 1451.211513
Position eror: 1490.936415
Position eror: 1530.015927
Position eror: 1564.304909
Position eror: 1589.985853
Position eror: 1604.145028
Position eror: 1605.216922
Position eror: 1593.222152
Position eror: 1569.764269
Position eror: 1537.785266
Position eror: 1501.114838
Position eror: 1463.889341
Position eror: 1429.959881
Position eror: 1402.432600
Position eror: 1383.454771
Position eror: 1374.262503
Position eror: 1375.379934
Position eror: 1386.788605
Position eror: 1407.930347
Position eror: 1437.543893
Position eror: 1473.471602
Position eror: 1512.615719
Position eror: 1551.152302
Position eror: 1584.987138
Position eror: 1610.341641
Position eror: 1624.327440
Position eror: 1625.391072
Position eror: 1613.552530
Position eror: 1590.402086
Position eror: 1558.855328
Position eror: 1522.702347
Position eror: 1486.028502
Position eror: 1452.627483
Position eror: 1425.549228
Position eror: 1406.894038
Position eror: 1397.865778
Position eror: 1398.972943
Position eror: 1410.197839
Position eror: 1430.999274
Position eror: 1460.149025
Position eror: 1495.536533
Position eror: 1534.119590
Position eror: 1572.130501
Position eror: 1605.524617
Position eror: 1630.561511
Position eror: 1644.377805
Position eror: 1645.431980
Position eror: 1633.743415
Position eror: 1610.889236
Position eror: 1579.759000
Position eror: 1544.103978
Position eror: 1507.959989
Position eror: 1475.065337
Position eror: 1448.416246
Position eror: 1430.068452
Position eror: 1421.195492
Position eror: 1422.291221
Position eror: 1433.338668
Position eror: 1453.812572
Position eror: 1482.515862
Position eror: 1517.382631
Position eror: 1555.423812
Position eror: 1592.925954
Position eror: 1625.892576
Position eror: 1650.620587
Position eror: 1664.271241
Position eror: 1665.314830
Position eror: 1653.770121
Position eror: 1631.201251
Position eror: 1600.472153
Position eror: 1565.296153
Position eror: 1529.660912
Position eror: 1497.251398
Position eror: 1471.012426
Position eror: 1452.957501
Position eror: 1444.231552
Position eror: 1445.314739
Position eror: 1456.190774
Position eror: 1476.349348
Position eror: 1504.622777
Position eror: 1538.987543
Position eror: 1576.505421
Position eror: 1613.515241
Position eror: 1646.067289
Position eror: 1670.495005
Position eror: 1683.983848
Position eror: 1685.015775
Position eror: 1673.608951
Position eror: 1651.314714
Position eror: 1620.971828
Position eror: 1586.256503
Position eror: 1551.109705
Position eror: 1519.164978
Position eror: 1493.318000
Position eror: 1475.542145
Position eror: 1466.955375
Position eror: 1468.024967
Position eror: 1478.735309
Position eror: 1498.590128
Position eror: 1526.449490
Position eror: 1560.330157
Position eror: 1597.342557
Position eror: 1633.875914
Position eror: 1666.025921
Position eror: 1690.161684
Position eror: 1703.492473
Position eror: 1704.511719
Position eror: 1693.237022
Position eror: 1671.207107
Position eror: 1641.236053
Position eror: 1606.963860
Position eror: 1572.286158
Position eror: 1540.786946
Position eror: 1515.314869
Position eror: 1497.805134
Position eror: 1489.350203
Position eror: 1490.405217
Position eror: 1500.955190
Position eror: 1520.517069
Position eror: 1547.977155
Position eror: 1581.390552
Position eror: 1617.914289
Position eror: 1653.986189
Position eror: 1685.746033
Position eror: 1709.597793
Position eror: 1722.774075
Position eror: 1723.779684
Position eror: 1712.631659
Position eror: 1690.856368
Position eror: 1661.243682
Position eror: 1627.398274
Position eror: 1593.171774
Position eror: 1562.100387
Position eror: 1536.987615
Position eror: 1519.732253
Position eror: 1511.402516
Position eror: 1512.442040
Position eror: 1522.836358
Position eror: 1542.114893
Position eror: 1569.188837
Position eror: 1602.149896
Position eror: 1638.199860
Position eror: 1673.823575
Position eror: 1705.203703
Position eror: 1728.778365
Position eror: 1741.803196
Position eror: 1742.794270
Position eror: 1731.768220
Position eror: 1710.239323
Position eror: 1680.973815
Position eror: 1647.541864
Position eror: 1613.752298
Position eror: 1583.094947
Position eror: 1558.329654
Position eror: 1541.319991
Position eror: 1533.110646
Position eror: 1534.133865
Position eror: 1544.375328
Position eror: 1563.376093
Position eror: 1590.071050
Position eror: 1622.587157
Position eror: 1658.169720
Position eror: 1693.349638
Position eror: 1724.352090
Position eror: 1747.649560
Position eror: 1760.521636
Position eror: 1761.497640
Position eror: 1750.598318
Position eror: 1729.362248

Error at waypoint: 1729.362248


