----- Data Log for FMS -----
=== From Lisbon to Paris ===
Lisbon has coordinates 0.676861 -0.159452 and altitude 113.995200m, Paris has coordinates 0.855435 0.044506 and altitude 119.481600m
Position eror: 0.000000
Position eror: 37.066720
Position eror: 107.789086
Position eror: 205.551764
Position eror: 320.894116
Position eror: 442.387228
Position eror: 557.903359
Position eror: 655.978947
Position eror: 727.021636
Position eror: 764.238488
Position eror: 764.241388
Position eror: 727.308376
Position eror: 657.289868
Position eror: 561.179037
Position eror: 448.403709
Position eror: 329.922957
Position eror: 217.216598
Position eror: 121.253927
Position eror: 51.569726
Position eror: 15.831164
Position eror: 15.832876
Position eror: 51.848701
Position eror: 122.533792
Position eror: 220.391073
Position eror: 335.718158
Position eror: 457.100534
Position eror: 572.505690
Position eror: 670.526270
Position eror: 741.562357
Position eror: 778.788658
Position eror: 778.799034
Position eror: 741.874292
Position eror: 671.874445
Position eror: 575.797444
Position eror: 463.072369
Position eror: 344.665585
Position eror: 232.083299
Position eror: 136.369442
Position eror: 67.255325
Position eror: 32.297712
Position eror: 32.302327
Position eror: 67.538052
Position eror: 137.656637
Position eror: 235.270288
Position eror: 350.480605
Position eror: 471.800217
Position eror: 587.169495
Position eror: 685.170086
Position eror: 756.197331
Position eror: 793.424110
Position eror: 793.443922
Position eror: 756.538436
Position eror: 686.569849
Position eror: 590.540636
Position eror: 477.888964
Position eror: 359.599824
Position eror: 247.220343
Position eror: 151.885112
Position eror: 83.468523
Position eror: 49.155419
Position eror: 49.163136
Position eror: 83.757293
Position eror: 153.182537
Position eror: 250.425104
Position eror: 365.441429
Position eror: 486.652932
Position eror: 601.959354
Position eror: 699.924150
Position eror: 770.934277
Position eror: 808.158942
Position eror: 808.190601
Position eror: 771.311911
Position eror: 701.388298
Position eror: 605.428905
Position eror: 492.884892
Position eror: 374.766997
Position eror: 262.673707
Position eror: 167.835257
Position eror: 100.197784
Position eror: 66.476677
Position eror: 66.488362
Position eror: 100.494750
Position eror: 169.145152
Position eror: 265.899404
Position eror: 380.640194
Position eror: 501.692474
Position eror: 616.904581
Position eror: 714.814821
Position eror: 785.797871
Position eror: 823.017281
Position eror: 823.063761
Position eror: 786.221123
Position eror: 716.359190
Position eror: 620.496242
Position eror: 508.100833
Position eror: 390.216379
Position eror: 278.501719
Position eror: 184.279513
Position eror: 117.498909
Position eror: 84.365921
Position eror: 84.382354
Position eror: 117.806626
Position eror: 185.604221
Position eror: 281.751052
Position eror: 396.125316
Position eror: 516.958382
Position eror: 632.038082
Position eror: 729.870561
Position eror: 800.814053
Position eror: 838.024260
Position eror: 838.089378
Position eror: 801.294837
Position eror: 731.516518
Position eror: 635.785185
Position eror: 523.592547
Position eror: 406.023855
Position eror: 294.809220
Position eror: 201.361434
Position eror: 135.573998
Position eror: 103.103829
Position eror: 103.126036
Position eror: 135.886517
Position eror: 202.672408
Position eror: 298.006947

Error at waypoint: 298.006947


=== From Paris to Moscow ===
Paris has coordinates 0.855435 0.044506 and altitude 119.481600m, Moscow has coordinates 0.967066 0.661590 and altitude 179.222400m
Position eror: 0.000000
Position eror: 115.321969
Position eror: 266.682543
Position eror: 439.457660
Position eror: 598.822637
Position eror: 714.569370
Position eror: 772.922527
Position eror: 772.947047
Position eror: 718.713059
Position eror: 615.966284
Position eror: 473.417674
Position eror: 304.375732
Position eror: 126.275433
Position eror: 48.128366
Position eror: 190.294206
Position eror: 294.998300
Position eror: 350.195950
Position eror: 350.151500
Position eror: 294.400797
Position eror: 188.015157
Position eror: 42.246578
Position eror: 133.144188
Position eror: 315.091426
Position eror: 488.248714
Position eror: 635.344507
Position eror: 741.964193
Position eror: 797.864079
Position eror: 797.930199
Position eror: 742.588030
Position eror: 637.649393
Position eror: 493.667948
Position eror: 324.961231
Position eror: 148.953525
Position eror: 38.942474
Position eror: 170.445827
Position eror: 274.298895
Position eror: 329.313764
Position eror: 329.217766
Position eror: 273.561990
Position eror: 167.784152
Position eror: 31.799394
Position eror: 156.524905
Position eror: 337.620675
Position eror: 510.547686
Position eror: 657.572300
Position eror: 764.181167
Position eror: 820.103467
Position eror: 820.224693
Position eror: 764.981055
Position eror: 660.206867
Position eror: 516.511220
Position eror: 348.378957
Position eror: 173.939324
Position eror: 47.334472
Position eror: 153.309122
Position eror: 255.160379
Position eror: 309.637232
Position eror: 309.474089
Position eror: 254.193591
Position eror: 150.102894
Position eror: 42.068627
Position eror: 181.106280
Position eror: 360.904399
Position eror: 533.411830
Position eror: 680.270032
Position eror: 786.824438
Position eror: 842.760004
Position eror: 842.951008
Position eror: 787.842110
Position eror: 683.299735
Position eror: 540.014000
Position eror: 372.692609
Position eror: 200.243883
Position eror: 68.941292
Position eror: 140.561312
Position eror: 238.298526
Position eror: 291.752257
Position eror: 291.507298
Position eror: 237.053712
Position eror: 136.747464
Position eror: 65.655156
Position eror: 207.086705
Position eror: 385.124312
Position eror: 556.987316
Position eror: 703.572242
Position eror: 810.024326
Position eror: 865.960985
Position eror: 866.237245
Position eror: 811.307597
Position eror: 707.081387
Position eror: 564.355153
Position eror: 398.111096
Position eror: 228.067497
Position eror: 96.731092
Position eror: 134.614657
Position eror: 224.923180
Position eror: 276.579877
Position eror: 276.244307
Position eror: 223.379716
Position eror: 130.315263
Position eror: 94.646646
Position eror: 234.692999
Position eror: 410.509712
Position eror: 581.466046
Position eror: 727.642884
Position eror: 833.928016
Position eror: 889.845688
Position eror: 890.222540
Position eror: 835.524219
Position eror: 731.714698
Position eror: 589.723459
Position eror: 424.854228
Position eror: 257.629283
Position eror: 128.181168
Position eror: 137.780162
Position eror: 216.605872
Position eror: 265.353848
Position eror: 264.931397
Position eror: 214.799960
Position eror: 133.367649
Position eror: 126.938273
Position eror: 264.150169
Position eror: 437.281271
Position eror: 607.027058
Position eror: 752.627310
Position eror: 858.659024
Position eror: 914.526658
Position eror: 915.018805
Position eror: 860.614704
Position eror: 757.347742
Position eror: 616.312207
Position eror: 453.186291
Position eror: 289.294795
Position eror: 162.993043
Position eror: 151.694113
Position eror: 215.641270
Position eror: 260.086485
Position eror: 259.600719
Position eror: 213.602817
Position eror: 144.360239

Error at waypoint: 144.360239


=== From Moscow to Oslo ===
Moscow has coordinates 0.967066 0.661590 and altitude 179.222400m, Oslo has coordinates 1.050582 0.193739 and altitude 207.568800m
Position eror: 0.000000
Position eror: 146.910099
Position eror: 291.440516
Position eror: 413.224150
Position eror: 514.191620
Position eror: 599.580393
Position eror: 665.827847
Position eror: 702.940131
Position eror: 702.960267
Position eror: 664.874289
Position eror: 593.772393
Position eror: 497.768954
Position eror: 386.099313
Position eror: 268.859269
Position eror: 157.063166
Position eror: 62.432238
Position eror: 18.905823
Position eror: 49.372570
Position eror: 49.327730
Position eror: 18.527451
Position eror: 63.358621
Position eror: 159.939246
Position eror: 274.842205
Position eror: 395.996929
Position eror: 511.259192
Position eror: 609.185551
Position eror: 680.168764
Position eror: 717.390262
Position eror: 717.452768
Position eror: 680.643220
Position eror: 610.827712
Position eror: 515.019204
Position eror: 402.687997
Position eror: 284.915528
Position eror: 173.586075
Position eror: 81.542163
Position eror: 33.587057
Position eror: 46.308309
Position eror: 46.218396
Position eror: 33.349818
Position eror: 82.643900
Position eror: 176.766813
Position eror: 290.829010
Position eror: 411.601108
Position eror: 526.662016
Position eror: 624.486734
Position eror: 695.434842
Position eror: 732.668554
Position eror: 732.781916
Position eror: 696.065256
Position eror: 626.401047
Position eror: 530.835675
Position eror: 418.906409
Position eror: 301.844340
Position eror: 191.911726
Position eror: 102.886593
Position eror: 55.222827
Position eror: 54.774610
Position eror: 54.674416
Position eror: 55.116893
Position eror: 103.974095
Position eror: 195.124933
Position eror: 307.856052
Position eror: 427.983050
Position eror: 542.708696
Position eror: 640.360698
Position eror: 711.234966
Position eror: 748.465916
Position eror: 748.638773
Position eror: 712.049100
Position eror: 642.599881
Position eror: 547.381528
Position eror: 436.020290
Position eror: 319.932853
Position eror: 211.778180
Position eror: 125.903055
Position eror: 79.414130
Position eror: 72.082726
Position eror: 72.005114
Position eror: 79.416917
Position eror: 127.028003
Position eror: 215.055896
Position eror: 326.073305
Position eror: 445.296385
Position eror: 559.529150
Position eror: 656.915774
Position eror: 727.666658
Position eror: 764.876884
Position eror: 765.118289
Position eror: 728.691983
Position eror: 659.526761
Position eror: 564.768429
Position eror: 454.151066
Position eror: 339.299156
Position eror: 233.240125
Position eror: 150.529272
Position eror: 105.423304
Position eror: 94.596853
Position eror: 94.557980
Position eror: 105.543280
Position eror: 151.744024
Position eror: 236.625571
Position eror: 345.608290
Position eror: 463.670828
Position eror: 577.242672
Position eror: 674.261138
Position eror: 744.832013
Position eror: 782.000131
Position eror: 782.319165
Position eror: 746.096263
Position eror: 677.291343
Position eror: 583.116336
Position eror: 473.428967
Position eror: 360.071469
Position eror: 256.380547
Position eror: 176.813269
Position eror: 133.164047
Position eror: 120.512043
Position eror: 120.522762
Position eror: 133.421603
Position eror: 178.168864
Position eror: 259.920392
Position eror: 366.589349
Position eror: 483.231983
Position eror: 595.960543
Position eror: 692.494449
Position eror: 762.819037
Position eror: 799.918716
Position eror: 800.324794
Position eror: 764.351544
Position eror: 695.996543
Position eror: 602.550271
Position eror: 494.010565
Position eror: 382.444369
Position eror: 281.432184
Position eror: 205.102078
Position eror: 163.097398
Position eror: 149.603669
Position eror: 149.674388
Position eror: 163.469602

Error at waypoint: 163.469602


=== From Oslo to Rome ===
Oslo has coordinates 1.050582 0.193739 and altitude 207.568800m, Rome has coordinates 0.729552 0.213609 and altitude 3.962400m
Position eror: 0.000000
Position eror: 70.966154
Position eror: 168.921107
Position eror: 284.297167
Position eror: 405.710253
Position eror: 521.136281
Position eror: 619.170088
Position eror: 690.211902
Position eror: 727.435894
Position eror: 727.435100
Position eror: 690.489397
Position eror: 620.457191
Position eror: 524.333452
Position eror: 411.540906
Position eror: 293.031335
Position eror: 180.274608
Position eror: 84.212256
Position eror: 14.268459
Position eror: 22.690647
Position eror: 22.690633
Position eror: 14.543998
Position eror: 85.483627
Position eror: 183.437140
Position eror: 298.814004
Position eror: 420.228729
Position eror: 535.656586
Position eror: 633.692204
Position eror: 704.735558
Position eror: 741.960722
Position eror: 741.960641
Position eror: 705.015158
Position eror: 634.982760
Position eror: 538.858553
Position eror: 426.065485
Position eror: 307.555722
Position eror: 194.800035
Position eror: 98.742481
Position eror: 28.815142
Position eror: 8.371073
Position eror: 8.373229
Position eror: 29.090600
Position eror: 100.014317
Position eror: 197.963096
Position eror: 313.339225
Position eror: 434.754466
Position eror: 550.183383
Position eror: 648.220114
Position eror: 719.264428
Position eror: 756.490223
Position eror: 756.490399
Position eror: 719.544796
Position eror: 649.511996
Position eror: 553.387225
Position eror: 440.593736
Position eror: 322.084166
Position eror: 209.330236
Position eror: 113.278185
Position eror: 43.360944
Position eror: 6.949609
Position eror: 6.953507
Position eror: 43.637008
Position eror: 114.550364
Position eror: 212.493706
Position eror: 327.868186
Position eror: 449.283421
Position eror: 564.712930
Position eror: 662.750438
Position eror: 733.795440
Position eror: 771.021668
Position eror: 771.021957
Position eror: 734.076162
Position eror: 664.042926
Position eror: 567.917664
Position eror: 455.123930
Position eror: 336.614827
Position eror: 223.862929
Position eror: 127.816268
Position eror: 57.905618
Position eror: 21.200882
Position eror: 21.202585
Position eror: 58.182299
Position eror: 129.088945
Position eror: 227.026790
Position eror: 342.399251
Position eror: 463.814097
Position eror: 579.243941
Position eror: 677.282034
Position eror: 748.327563
Position eror: 785.554128
Position eror: 785.554477
Position eror: 748.608488
Position eror: 678.574861
Position eror: 582.449207
Position eror: 469.655360
Position eror: 351.146890
Position eror: 238.397166
Position eror: 142.355345
Position eror: 72.449036
Position eror: 35.685847
Position eror: 35.687365
Position eror: 72.725969
Position eror: 143.628402
Position eror: 241.561379
Position eror: 356.931677
Position eror: 478.345904
Position eror: 593.775905
Position eror: 691.814429
Position eror: 762.860396
Position eror: 800.087235
Position eror: 800.087629
Position eror: 763.141440
Position eror: 693.107490
Position eror: 596.981536
Position eror: 484.187664
Position eror: 365.679915
Position eror: 252.932358
Position eror: 156.894775
Position eror: 86.990893
Position eror: 50.201730
Position eror: 50.203349
Position eror: 87.268101
Position eror: 158.168051
Position eror: 256.096864
Position eror: 371.464990
Position eror: 492.878506
Position eror: 608.308526
Position eror: 706.347397
Position eror: 777.393728
Position eror: 814.620801
Position eror: 814.621221
Position eror: 777.674861
Position eror: 707.640604
Position eror: 611.514414
Position eror: 498.720609
Position eror: 380.213640
Position eror: 267.468097
Position eror: 171.434066
Position eror: 101.531636
Position eror: 64.727036
Position eror: 64.728432
Position eror: 101.808955
Position eror: 172.707549
Position eror: 270.632820
Position eror: 385.998919
Position eror: 507.411674
Position eror: 622.841634
Position eror: 720.880756
Position eror: 791.927399
Position eror: 829.154660
Position eror: 829.155096
Position eror: 792.208580
Position eror: 722.174081
Position eror: 626.047680
Position eror: 513.253994
Position eror: 394.747842
Position eror: 282.004196
Position eror: 185.973126
Position eror: 116.071372
Position eror: 79.256300
Position eror: 79.257725
Position eror: 116.348776
Position eror: 187.246762
Position eror: 285.169014
Position eror: 400.533211
Position eror: 521.945140
Position eror: 637.374968
Position eror: 735.414271
Position eror: 806.461151
Position eror: 843.688585
Position eror: 843.689035
Position eror: 806.742395
Position eror: 736.707786

Error at waypoint: 736.707786


=== From Rome to Madrid ===
Rome has coordinates 0.729552 0.213609 and altitude 3.962400m, Madrid has coordinates 0.706368 -0.062180 and altitude 608.990400m
Position eror: 0.000000
Position eror: 96.135976
Position eror: 208.944023
Position eror: 327.471377
Position eror: 440.247166
Position eror: 536.329998
Position eror: 606.316631
Position eror: 643.235102
Position eror: 643.245431
Position eror: 606.073290
Position eror: 535.114240
Position eror: 437.170308
Position eror: 321.820052
Position eror: 200.479556
Position eror: 85.349464
Position eror: 16.321214
Position eror: 84.818040
Position eror: 121.874392
Position eror: 121.859327
Position eror: 85.037348
Position eror: 17.001826
Position eror: 82.101068
Position eror: 194.645590
Position eror: 313.109946
Position eror: 425.865457
Position eror: 521.943766
Position eror: 591.933511
Position eror: 628.860014
Position eror: 628.883054
Position eror: 591.730261
Position eror: 520.802175
Position eror: 422.912121
Position eror: 307.667493
Position eror: 186.583420
Position eror: 72.544533
Position eror: 33.104292
Position eror: 100.444519
Position eror: 137.217443
Position eror: 137.188781
Position eror: 100.613012
Position eror: 33.767572
Position eror: 69.254365
Position eror: 180.742208
Position eror: 298.971736
Position eror: 411.638358
Position eror: 507.678732
Position eror: 577.654650
Position eror: 614.581971
Position eror: 614.617895
Position eror: 577.491962
Position eror: 506.612159
Position eror: 408.810547
Position eror: 293.745721
Position eror: 173.125277
Position eror: 61.481524
Position eror: 49.655843
Position eror: 116.298154
Position eror: 152.791917
Position eror: 152.751317
Position eror: 116.424299
Position eror: 50.293840
Position eror: 58.197770
Position eror: 167.273292
Position eror: 285.058353
Position eror: 397.561065
Position eror: 493.528295
Position eror: 563.472515
Position eror: 600.392612
Position eror: 600.440627
Position eror: 563.347997
Position eror: 492.532882
Position eror: 394.854340
Position eror: 280.049012
Position eror: 160.144564
Position eror: 53.042648
Position eror: 65.976871
Position eror: 132.210790
Position eror: 168.465922
Position eror: 168.415031
Position eror: 132.301865
Position eror: 66.591986
Position eror: 49.910211
Position eror: 154.281573
Position eror: 271.363616
Position eror: 383.620678
Position eror: 479.478522
Position eror: 549.373030
Position eror: 586.277713
Position eror: 586.336729
Position eror: 549.283459
Position eror: 478.549207
Position eror: 381.029440
Position eror: 266.571561
Position eror: 147.699550
Position eror: 48.424747
Position eror: 82.101904
Position eror: 148.110574
Position eror: 184.173596
Position eror: 184.113891
Position eror: 148.172357
Position eror: 82.694303
Position eror: 45.704869
Position eror: 141.818468
Position eror: 257.871076
Position eror: 369.791328
Position eror: 465.501282
Position eror: 535.327177
Position eror: 572.207843
Position eror: 572.277012
Position eror: 535.271251
Position eror: 464.641361
Position eror: 367.341252
Position eror: 253.914642

Error at waypoint: 253.914642


=== From Madrid to Funchal ===
Madrid has coordinates 0.706368 -0.062180 and altitude 608.990400m, Funchal has coordinates 0.570686 -0.292770 and altitude 58.521600m
Position eror: nan
Position eror: 121.507417
Position eror: 237.022521
Position eror: 335.131709
Position eror: 406.228133
Position eror: 443.481247
Position eror: 443.482242
Position eror: 406.512129
Position eror: 336.433694
Position eror: 240.250792
Position eror: 127.409228
Position eror: 9.702004
Position eror: 104.177830
Position eror: 200.270145
Position eror: 270.277882
Position eror: 307.202701
Position eror: 307.197986
Position eror: 269.987450
Position eror: 198.967419
Position eror: 100.945294
Position eror: 14.669889
Position eror: 136.060141
Position eror: 251.568962
Position eror: 349.676851
Position eror: 420.773924
Position eror: 458.029140
Position eror: 458.033595
Position eror: 421.068627
Position eror: 350.997918
Position eror: 254.828000
Position eror: 142.015923
Position eror: 24.087957
Position eror: 89.755416
Position eror: 185.777189
Position eror: 255.766559
Position eror: 292.684239
Position eror: 292.677724
Position eror: 255.469994
Position eror: 184.460711
Position eror: 86.483899
Position eror: 29.384172
Position eror: 150.647620
Position eror: 266.137056
Position eror: 364.238178
Position eror: 435.332946
Position eror: 472.588540
Position eror: 472.595718
Position eror: 435.636148
Position eror: 365.574776
Position eror: 269.421783
Position eror: 156.647648
Position eror: 38.749860
Position eror: 75.463657
Position eror: 171.330625
Position eror: 241.286031
Position eror: 278.191632
Position eror: 278.183012
Position eror: 240.982467
Position eror: 169.998812
Position eror: 72.147904
Position eror: 44.138184
Position eror: 165.268204
Position eror: 280.726350
Position eror: 378.815270
Position eror: 449.904916
Position eror: 487.159536
Position eror: 487.169188
Position eror: 450.215816
Position eror: 380.165953
Position eror: 284.034246
Position eror: 171.306168
Position eror: 53.488261
Position eror: 61.418716
Position eror: 156.953591
Position eror: 226.850056
Position eror: 263.736450
Position eror: 263.725768
Position eror: 226.539628
Position eror: 155.606710
Position eror: 58.060747
Position eror: 58.927892
Position eror: 179.920991
Position eror: 295.337310
Position eror: 393.408753
Position eror: 464.490546
Position eror: 501.742943
Position eror: 501.754910
Position eror: 464.808670
Position eror: 394.772587
Position eror: 298.666497
Position eror: 185.991873
Position eror: 68.273624
Position eror: 47.869951
Position eror: 142.678938
Position eror: 212.476281
Position eror: 249.332845
Position eror: 249.320288
Position eror: 212.159516
Position eror: 141.318061
Position eror: 44.493876
Position eror: 73.748852
Position eror: 194.603691
Position eror: 309.969203
Position eror: 408.018087
Position eror: 479.089266
Position eror: 516.338130
Position eror: 516.352261
Position eror: 479.414185
Position eror: 409.394403
Position eror: 313.318608
Position eror: 200.705393
Position eror: 83.103328
Position eror: 35.461183
Position eror: 128.564030
Position eror: 198.195715
Position eror: 235.006390
Position eror: 234.992206
Position eror: 197.873055
Position eror: 127.187712
Position eror: 32.146170
Position eror: 88.571204
Position eror: 209.285444

Error at waypoint: 209.285444


=== From Funchal to Ponta Delgada ===
Funchal has coordinates 0.570686 -0.292770 and altitude 58.521600m, Ponta Delgada has coordinates 0.658708 -0.448513 and altitude 78.943200m
Position eror: 0.095040
Position eror: 115.394863
Position eror: 213.402366
Position eror: 284.425593
Position eror: 321.640582
Position eror: 321.641416
Position eror: 284.707921
Position eror: 214.698140
Position eror: 118.608193
Position eror: 6.118136
Position eror: 112.658299
Position eror: 225.376226
Position eror: 321.411664
Position eror: 391.361142
Position eror: 428.254948
Position eror: 428.254413
Position eror: 391.084959
Position eror: 320.139356
Position eror: 222.213534
Position eror: 106.874175
Position eror: 14.552714
Position eror: 129.906106
Position eror: 227.909078
Position eror: 298.929611
Position eror: 336.142898
Position eror: 336.142751
Position eror: 299.208723
Position eror: 229.198155
Position eror: 133.104669
Position eror: 20.366233
Position eror: 98.137832
Position eror: 210.859054
Position eror: 306.894735
Position eror: 376.844123
Position eror: 413.738173
Position eror: 413.738543
Position eror: 376.570750
Position eror: 305.627933
Position eror: 207.706648
Position eror: 92.378930
Position eror: 29.086509
Position eror: 144.420867
Position eror: 242.418073
Position eror: 313.435584
Position eror: 350.647121
Position eror: 350.646108
Position eror: 313.711988
Position eror: 243.701797
Position eror: 147.608194
Position eror: 34.852760
Position eror: 83.623942
Position eror: 196.345628
Position eror: 292.380631
Position eror: 362.329488
Position eror: 399.223533
Position eror: 399.224599
Position eror: 362.058396
Position eror: 291.118298
Position eror: 193.201975
Position eror: 77.890771
Position eror: 43.603937
Position eror: 158.934123
Position eror: 256.926738
Position eror: 327.941666
Position eror: 365.151748
Position eror: 365.150191
Position eror: 328.216249
Position eror: 258.206746
Position eror: 162.114273
Position eror: 49.358658
Position eror: 69.113403
Position eror: 181.833949
Position eror: 277.867772
Position eror: 347.815882
Position eror: 384.709673
Position eror: 384.711200
Position eror: 347.546290
Position eror: 276.608594
Position eror: 178.697140
Position eror: 63.409012
Position eror: 58.115786
Position eror: 173.447992
Position eror: 271.438266
Position eror: 342.455817

Error at waypoint: 342.455817


=== From Ponta Delgada to New York ===
Ponta Delgada has coordinates 0.658708 -0.448513 and altitude 78.943200m, New York has coordinates 0.709298 -1.287685 and altitude 3.962400m
Position eror: 0.000000
Position eror: 37.216419
Position eror: 37.216516
Position eror: 0.268815
Position eror: 69.736961
Position eror: 165.839789
Position eror: 278.608339
Position eror: 397.093438
Position eror: 509.828073
Position eror: 605.874673
Position eror: 675.833337
Position eror: 712.734864
Position eror: 712.740877
Position eror: 675.577323
Position eror: 604.638410
Position eror: 506.722545
Position eror: 391.400665
Position eror: 270.067650
Position eror: 154.790833
Position eror: 57.266634
Position eror: 17.264348
Position eror: 52.566469
Position eror: 52.552710
Position eror: 17.403470
Position eror: 55.972622
Position eror: 151.606728
Position eror: 264.265652
Position eror: 382.710413
Position eror: 495.429375
Position eror: 591.471995
Position eror: 661.433694
Position eror: 698.343526
Position eror: 698.363146
Position eror: 661.220031
Position eror: 590.312052
Position eror: 492.445384
Position eror: 377.208658
Position eror: 256.044394
Position eror: 141.198590
Position eror: 45.872811
Position eror: 34.431817
Position eror: 68.775299
Position eror: 68.747184
Position eror: 34.528869
Position eror: 44.587719
Position eror: 138.024986
Position eror: 250.267762
Position eror: 368.557955
Position eror: 481.206312
Position eror: 577.215735
Position eror: 647.164875
Position eror: 684.076277
Position eror: 684.109814
Position eror: 646.994644
Position eror: 576.134515
Position eror: 478.349428
Position eror: 363.260756
Position eror: 242.405359
Position eror: 128.424479
Position eror: 38.829735
Position eror: 51.489765
Position eror: 85.289637
Position eror: 85.247052
Position eror: 51.544641
Position eror: 37.644715
Position eror: 125.258988
Position eror: 236.649882
Position eror: 354.645667
Position eror: 467.160902
Position eror: 563.105032
Position eror: 633.024928
Position eror: 669.930720
Position eror: 669.978408
Position eror: 632.899019
Position eror: 562.104774
Position eror: 464.436288
Position eror: 349.566572
Position eror: 229.189609
Position eror: 116.680158
Position eror: 38.426010
Position eror: 68.424604
Position eror: 101.897599
Position eror: 101.840851
Position eror: 68.438727
Position eror: 37.511305
Position eror: 113.526190
Position eror: 223.451484
Position eror: 340.982881
Position eror: 453.294224
Position eror: 549.138159
Position eror: 619.010958
Position eror: 655.903482
Position eror: 655.965447
Position eror: 618.929890
Position eror: 548.220361
Position eror: 450.706165
Position eror: 336.134763
Position eror: 216.440131
Position eror: 106.237515
Position eror: 44.677338
Position eror: 85.224248
Position eror: 118.499031
Position eror: 118.428502
Position eror: 85.199020
Position eror: 44.086114
Position eror: 103.109410
Position eror: 210.716573
Position eror: 327.578142
Position eror: 439.605975
Position eror: 535.311932
Position eror: 605.118728
Position eror: 641.989907
Position eror: 642.066152
Position eror: 605.082602
Position eror: 534.477311
Position eror: 437.157639
Position eror: 322.972921
Position eror: 204.204748
Position eror: 97.433505
Position eror: 55.229904
Position eror: 101.878177
Position eror: 135.038155
Position eror: 134.954418
Position eror: 101.815298
Position eror: 54.873371
Position eror: 94.362519
Position eror: 198.494886
Position eror: 314.439161
Position eror: 426.094429
Position eror: 521.621843
Position eror: 591.342726
Position eror: 628.184050
Position eror: 628.274371
Position eror: 591.351073
Position eror: 520.870243
Position eror: 423.787719
Position eror: 310.087587
Position eror: 192.536992
Position eror: 90.652597
Position eror: 67.989307
Position eror: 118.377311
Position eror: 151.480765
Position eror: 151.384584
Position eror: 118.279298
Position eror: 67.773678
Position eror: 87.692930
Position eror: 186.842979
Position eror: 301.573093
Position eror: 412.756446
Position eror: 508.061935
Position eror: 577.676135
Position eror: 614.478763
Position eror: 614.582797
Position eror: 577.728013
Position eror: 507.392314
Position eror: 410.592011
Position eror: 297.484734
Position eror: 181.497495
Position eror: 86.270682
Position eror: 81.824350
Position eror: 134.714258
Position eror: 167.804096
Position eror: 167.696351
Position eror: 134.583951
Position eror: 81.690338
Position eror: 83.498823
Position eror: 175.826232
Position eror: 288.986821
Position eror: 399.587759
Position eror: 494.625133
Position eror: 564.111029
Position eror: 600.865801
Position eror: 600.983035
Position eror: 564.204940
Position eror: 494.035524
Position eror: 397.564847
Position eror: 285.170027
Position eror: 171.155408
Position eror: 84.556038
Position eror: 96.180564
Position eror: 150.883663
Position eror: 183.992668
Position eror: 183.874417
Position eror: 150.724250
Position eror: 96.094737
Position eror: 82.056611
Position eror: 165.519947
Position eror: 276.687513
Position eror: 386.583123
Position eror: 481.303348
Position eror: 550.638537
Position eror: 587.336073
Position eror: 587.465810
Position eror: 550.772531
Position eror: 480.790853
Position eror: 384.699692
Position eror: 273.149388
Position eror: 161.589316
Position eror: 85.565367
Position eror: 110.776629
Position eror: 166.881966
Position eror: 200.036032
Position eror: 199.908385
Position eror: 166.697134
Position eror: 110.720843
Position eror: 83.408339
Position eror: 156.010903
Position eror: 264.682976
Position eror: 373.736544
Position eror: 468.087670
Position eror: 537.249098
Position eror: 573.879750
Position eror: 574.021199
Position eror: 537.420727
Position eror: 467.648600
Position eror: 371.989377
Position eror: 261.429710
Position eror: 152.888014
Position eror: 89.109810
Position eror: 125.460854
Position eror: 182.708015
Position eror: 215.927819
Position eror: 215.791991
Position eror: 182.501450
Position eror: 125.426003
Position eror: 87.331369
Position eror: 147.398034
Position eror: 252.982593
Position eror: 361.041741
Position eror: 454.968606
Position eror: 523.932530
Position eror: 560.486512
Position eror: 560.638679
Position eror: 524.138920
Position eror: 454.598493
Position eror: 359.426469
Position eror: 250.019538
Position eror: 145.149778
Position eror: 94.819203
Position eror: 140.147676
Position eror: 198.362535
Position eror: 231.664910
Position eror: 231.522281
Position eror: 198.138305
Position eror: 140.129984
Position eror: 93.419592
Position eror: 139.791168
Position eror: 241.597802
Position eror: 348.492219
Position eror: 441.936242
Position eror: 510.678243
Position eror: 547.145622
Position eror: 547.307406
Position eror: 510.916171
Position eror: 441.630007
Position eror: 347.003653
Position eror: 238.930040
Position eror: 138.480130
Position eror: 102.257733
Position eror: 154.788282
Position eror: 213.848793
Position eror: 247.247511
Position eror: 247.099328
Position eror: 213.610903
Position eror: 154.787114
Position eror: 101.212558
Position eror: 133.308097
Position eror: 230.543250
Position eror: 336.081610
Position eror: 428.980298
Position eror: 497.475184
Position eror: 533.845887
Position eror: 534.016132
Position eror: 497.741173
Position eror: 428.732325
Position eror: 334.713860
Position eror: 228.176045
Position eror: 132.987187
Position eror: 111.017639
Position eror: 169.355883
Position eror: 229.173210
Position eror: 262.679284
Position eror: 262.526944
Position eror: 228.925579
Position eror: 169.372576
Position eror: 110.291433
Position eror: 128.067562
Position eror: 219.837079
Position eror: 323.803431
Position eror: 416.089689
Position eror: 484.311466
Position eror: 520.575218
Position eror: 520.752654
Position eror: 484.601763
Position eror: 415.894183
Position eror: 322.550692
Position eror: 217.777394
Position eror: 128.775274
Position eror: 120.766660
Position eror: 183.840715
Position eror: 244.347016
Position eror: 277.969364
Position eror: 277.814060
Position eror: 244.093519
Position eror: 183.877094
Position eror: 120.321417
Position eror: 124.179061
Position eror: 209.500925
Position eror: 311.649568
Position eror: 403.250600
Position eror: 471.171982
Position eror: 507.318261
Position eror: 507.501667
Position eror: 471.482899
Position eror: 403.101908
Position eror: 310.507284
Position eror: 207.761403
Position eror: 125.941220
Position eror: 131.265158
Position eror: 198.254564
Position eror: 259.395754
Position eror: 293.141093
Position eror: 292.984089
Position eror: 259.139725
Position eror: 198.311187
Position eror: 131.058906
Position eror: 121.724776
Position eror: 199.549261
Position eror: 299.596758
Position eror: 390.431713
Position eror: 458.023155
Position eror: 494.040588
Position eror: 494.228711
Position eror: 458.351820
Position eror: 390.328657
Position eror: 298.575651
Position eror: 198.190040
Position eror: 124.659656
Position eror: 142.491623
Position eror: 212.759680
Position eror: 274.491402
Position eror: 308.370484
Position eror: 308.213678

Error at waypoint: 308.213678


=== From New York to Halifax ===
New York has coordinates 0.709298 -1.287685 and altitude 3.962400m, Halifax has coordinates 0.783318 -1.108434 and altitude 145.389600m
Position eror: 0.000000
Position eror: 36.932957
Position eror: 106.941651
Position eror: 203.033917
Position eror: 315.790070
Position eror: 434.262089
Position eror: 546.984241
Position eror: 643.020266
Position eror: 712.971482
Position eror: 749.869625
Position eror: 749.877038
Position eror: 712.719941
Position eror: 641.792310
Position eror: 543.891782
Position eror: 428.587802
Position eror: 307.271752
Position eror: 191.996161
Position eror: 94.292204
Position eror: 24.956564
Position eror: 17.805441
Position eror: 17.787684
Position eror: 24.686940
Position eror: 93.021870
Position eror: 188.827596
Position eror: 301.482674
Position eror: 419.909434
Position eror: 532.610000
Position eror: 628.637272
Position eror: 698.588465
Position eror: 735.493986
Position eror: 735.516415
Position eror: 698.383710
Position eror: 627.493639
Position eror: 529.651582
Position eror: 414.443652
Position eror: 293.302260
Position eror: 178.406221
Position eror: 81.881599
Position eror: 22.307454
Position eror: 35.639707
Position eror: 35.603957
Position eror: 22.083424
Position eror: 80.623417
Position eror: 175.262993
Position eror: 287.552481
Position eror: 405.819066
Position eror: 518.439387
Position eror: 614.425977
Position eror: 684.360366
Position eror: 721.266664
Position eror: 721.305896
Position eror: 684.208065
Position eror: 613.377305
Position eror: 515.633201
Position eror: 400.594026
Position eror: 279.775330
Position eror: 165.633074
Position eror: 71.823619
Position eror: 31.833158
Position eror: 53.515324
Position eror: 53.459595
Position eror: 31.662876
Position eror: 70.573138
Position eror: 162.505628
Position eror: 274.056770
Position eror: 392.016811
Position eror: 504.485641
Position eror: 600.393659
Position eror: 670.291447
Position eror: 707.190583
Position eror: 707.248417
Position eror: 670.197455
Position eror: 599.451760
Position eror: 501.853935
Position eror: 387.076022
Position eror: 266.779134
Position eror: 153.941942
Position eror: 65.422701
Position eror: 46.948703
Position eror: 71.672576
Position eror: 71.595531
Position eror: 46.691531

Error at waypoint: 46.691531


=== From Halifax to London ===
Halifax has coordinates 0.783318 -1.108434 and altitude 145.389600m, London has coordinates 0.898331 -0.008062 and altitude 25.298400m
Position eror: 0.000000
Position eror: 70.002419
Position eror: 166.085921
Position eror: 278.831666
Position eror: 397.292682
Position eror: 510.004276
Position eror: 606.031244
Position eror: 675.975885
Position eror: 712.870715
Position eror: 712.878641
Position eror: 675.726215
Position eror: 604.807564
Position eror: 506.920613
Position eror: 391.636082
Position eror: 270.350869
Position eror: 155.145353
Position eror: 57.811591
Position eror: 17.897687
Position eror: 52.554167
Position eror: 52.534293
Position eror: 17.984515
Position eror: 56.510809
Position eror: 151.964222
Position eror: 264.557510
Position eror: 382.958920
Position eror: 495.644404
Position eror: 591.661870
Position eror: 661.607664
Position eror: 698.512382
Position eror: 698.539166
Position eror: 661.416659
Position eror: 590.543865
Position eror: 492.728967
Position eror: 377.566193
Position eror: 256.516545
Position eror: 141.900441
Position eror: 47.466835
Position eror: 35.918392
Position eror: 69.338679
Position eror: 69.296257
Position eror: 35.935980
Position eror: 46.151155
Position eror: 138.724584
Position eror: 250.753448
Position eror: 368.941334
Position eror: 481.526930
Position eror: 577.495879
Position eror: 647.422442
Position eror: 684.328753
Position eror: 684.375794
Position eror: 647.294688
Position eror: 576.492511
Position eror: 478.796163
Position eror: 363.844742
Position eror: 243.228182
Position eror: 129.800866
Position eror: 42.540371
Position eror: 53.891387
Position eror: 86.582773
Position eror: 86.516187
Position eror: 53.836211
Position eror: 41.274297
Position eror: 126.616567
Position eror: 237.485250
Position eror: 355.265507
Position eror: 467.664362
Position eror: 563.540573
Position eror: 633.425290
Position eror: 670.324053
Position eror: 670.392875
Position eror: 633.365642
Position eror: 562.661336
Position eror: 465.135682
Position eror: 350.499721
Position eror: 230.560971
Position eror: 119.159847
Position eror: 44.762730
Position eror: 71.796916
Position eror: 104.020311
Position eror: 103.928789
Position eror: 71.666711
Position eror: 43.655957
Position eror: 115.956193
Position eror: 224.826662
Position eror: 341.958042
Position eror: 454.068858
Position eror: 549.802533
Position eror: 619.620459
Position eror: 656.501654
Position eror: 656.593676
Position eror: 619.633592
Position eror: 549.056606
Position eror: 451.759490
Position eror: 337.558573
Position eror: 218.596395
Position eror: 110.348343
Position eror: 53.141208
Position eror: 89.614897
Position eror: 121.524187
Position eror: 121.407101
Position eror: 89.408536
Position eror: 52.207152
Position eror: 107.122629
Position eror: 212.858594
Position eror: 329.045094
Position eror: 440.750934
Position eror: 536.286647
Position eror: 606.010415
Position eror: 642.863001
Position eror: 642.979518
Position eror: 606.100499
Position eror: 535.682393
Position eror: 438.677062
Position eror: 325.047169
Position eror: 207.421255
Position eror: 103.764601
Position eror: 65.242855
Position eror: 107.325436
Position eror: 139.021246
Position eror: 138.878622
Position eror: 107.043547
Position eror: 64.414817
Position eror: 100.529124
Position eror: 201.668598
Position eror: 316.551779
Position eror: 427.719072
Position eror: 522.995489
Position eror: 592.595433
Position eror: 629.407400
Position eror: 629.549451
Position eror: 592.765872
Position eror: 522.540063
Position eror: 425.895301
Position eror: 312.989364
Position eror: 197.126169
Position eror: 99.765549
Position eror: 79.278786
Position eror: 124.909731
Position eror: 156.463121
Position eror: 156.295499
Position eror: 124.554168
Position eror: 78.492325
Position eror: 96.552204
Position eror: 191.350350
Position eror: 304.502204
Position eror: 414.979460
Position eror: 509.929358
Position eror: 579.373435
Position eror: 616.131817
Position eror: 616.300114
Position eror: 579.626730
Position eror: 509.628265
Position eror: 413.418050
Position eror: 301.406807
Position eror: 187.803720
Position eror: 98.568147
Position eror: 94.289770
Position eror: 142.349655
Position eror: 173.814488
Position eror: 173.622885
Position eror: 141.924006
Position eror: 93.505048
Position eror: 95.425065
Position eror: 182.001915
Position eror: 292.919210
Position eror: 402.536023
Position eror: 497.086151
Position eror: 566.340046
Position eror: 603.030858
Position eror: 603.225743
Position eror: 566.677571
Position eror: 496.942924
Position eror: 401.246383
Position eror: 290.318588
Position eror: 179.545093
Position eror: 100.166822
Position eror: 109.782165
Position eror: 159.628812
Position eror: 191.047789
Position eror: 190.833707
Position eror: 159.138258
Position eror: 108.978706
Position eror: 97.146996
Position eror: 173.723080
Position eror: 281.824560
Position eror: 390.390495
Position eror: 484.461473
Position eror: 553.488628
Position eror: 590.096895
Position eror: 590.318323
Position eror: 553.910381
Position eror: 484.477330
Position eror: 389.378474
Position eror: 279.741533
Position eror: 172.436005
Position eror: 104.323992
Position eror: 125.488988
Position eror: 176.732362
Position eror: 208.140839
Position eror: 207.906388
Position eror: 176.183725
Position eror: 124.659566
Position eror: 101.471952
Position eror: 166.611081
Position eror: 271.239000
Position eror: 378.542618
Position eror: 472.048910
Position eror: 540.810475
Position eror: 577.320242
Position eror: 577.567681
Position eror: 541.315039
Position eror: 472.222470
Position eror: 377.810149
Position eror: 269.690400
Position eror: 166.551273
Position eror: 110.644828
Position eror: 141.256210
Position eror: 193.647808
Position eror: 225.075750
Position eror: 224.823503
Position eror: 193.049274
Position eror: 140.402493
Position eror: 107.989889
Position eror: 160.754281
Position eror: 261.182739
Position eror: 366.990615
Position eror: 459.840192
Position eror: 528.295115
Position eror: 564.689495
Position eror: 564.961860
Position eror: 528.879548
Position eror: 460.167375
Position eror: 366.535332
Position eror: 260.178337
Position eror: 161.948940
Position eror: 118.683212
Position eror: 156.990403
Position eror: 210.365244
Position eror: 241.838570
Position eror: 241.571409
Position eror: 209.726090
Position eror: 156.119886
Position eror: 116.241243
Position eror: 156.225468
Position eror: 251.675745
Position eror: 355.731495
Position eror: 447.825718
Position eror: 515.930691
Position eror: 552.191773
Position eror: 552.487572
Position eror: 516.590534
Position eror: 448.299702
Position eror: 355.546647
Position eror: 251.217733
Position eror: 158.664861
Position eror: 128.024043
Position eror: 172.633033
Position eror: 226.877739
Position eror: 258.419009
Position eror: 258.140176
Position eror: 226.208137
Position eror: 171.757103
Position eror: 125.802211
Position eror: 153.073628
Position eror: 242.738257
Position eror: 344.761609
Position eror: 435.994884
Position eror: 503.704307
Position eror: 539.813266
Position eror: 540.130528
Position eror: 504.433688
Position eror: 436.606317
Position eror: 344.836362
Position eror: 242.821149
Position eror: 156.708454
Position eror: 138.322133
Position eror: 188.147820
Position eror: 243.181856
Position eror: 274.810671
Position eror: 274.523612
Position eror: 242.492352
Position eror: 187.279922
Position eror: 136.324015
Position eror: 151.317980
Position eror: 234.391259
Position eror: 334.077261
Position eror: 424.336549
Position eror: 491.602413
Position eror: 527.539526
Position eror: 527.875877
Position eror: 492.394237
Position eror: 425.073802
Position eror: 334.397097
Position eror: 235.002209
Position eror: 156.061614
Position eror: 149.310415
Position eror: 203.513960
Position eror: 259.278201
Position eror: 291.011559
Position eror: 290.719712
Position eror: 258.579325
Position eror: 202.668435
Position eror: 147.537996
Position eror: 150.944439
Position eror: 226.656651
Position eror: 323.674957
Position eror: 412.839115
Position eror: 479.610910
Position eror: 515.355498
Position eror: 515.708273
Position eror: 480.457101
Position eror: 413.688839
Position eror: 324.222519
Position eror: 227.776679
Position eror: 156.680092
Position eror: 160.791249
Position eror: 218.722932
Position eror: 275.172478
Position eror: 307.024867
Position eror: 306.731530
Position eror: 274.474352
Position eror: 217.913894
Position eror: 159.245866
Position eror: 151.906125
Position eror: 219.557110
Position eror: 313.551135
Position eror: 401.490061
Position eror: 467.714420
Position eror: 503.244895
Position eror: 503.611176
Position eror: 468.606267
Position eror: 402.437828
Position eror: 314.307599
Position eror: 221.163370
Position eror: 158.500366
Position eror: 172.626467
Position eror: 233.778925
Position eror: 290.878218
Position eror: 322.861832
Position eror: 322.570113
Position eror: 290.190111
Position eror: 233.018929
Position eror: 171.307480
Position eror: 154.127780
Position eror: 213.113891
Position eror: 303.699578
Position eror: 390.272453
Position eror: 455.892633
Position eror: 491.186273
Position eror: 491.563092
Position eror: 456.821253
Position eror: 391.303918
Position eror: 304.647386
Position eror: 215.186221
Position eror: 161.453184
Position eror: 184.735677
Position eror: 248.708886
Position eror: 306.428921
Position eror: 338.553911
Position eror: 338.266673
Position eror: 305.758796
Position eror: 248.006886
Position eror: 183.633726
Position eror: 157.509268
Position eror: 207.331395
Position eror: 294.092133
Position eror: 379.143880
Position eror: 444.097923
Position eror: 479.130028
Position eror: 479.514456
Position eror: 445.055508
Position eror: 380.250233
Position eror: 295.232281
Position eror: 209.899025
Position eror: 165.549339
Position eror: 197.193605
Position eror: 263.675480
Position eror: 321.995547
Position eror: 354.273912
Position eror: 353.993969
Position eror: 321.341497
Position eror: 262.978055
Position eror: 196.036041
Position eror: 160.126267

Error at waypoint: 160.126267


=== From London to Lisbon ===
London has coordinates 0.898331 -0.008062 and altitude 25.298400m, Lisbon has coordinates 0.676861 -0.159452 and altitude 113.995200m
Position eror: 0.000000
Position eror: 118.606076
Position eror: 231.455068
Position eror: 327.598313
Position eror: 397.626331
Position eror: 434.562658
Position eror: 434.564743
Position eror: 397.357826
Position eror: 326.339141
Position eror: 228.314339
Position eror: 112.873339
Position eror: 9.347864
Position eror: 124.253462
Position eror: 222.342930
Position eror: 293.433199
Position eror: 330.682790
Position eror: 330.680277
Position eror: 293.705439
Position eror: 223.620041
Position eror: 127.425885
Position eror: 14.603556
Position eror: 104.068011
Position eror: 216.906098
Position eror: 313.042719
Position eror: 383.066519
Position eror: 420.001025
Position eror: 420.003885
Position eror: 382.800587
Position eror: 311.788748
Position eror: 213.775945
Position eror: 98.366664
Position eror: 23.628948
Position eror: 138.807681
Position eror: 236.884434
Position eror: 307.967638
Position eror: 345.213647
Position eror: 345.210461
Position eror: 308.237668
Position eror: 238.157151
Position eror: 141.972256
Position eror: 29.173467
Position eror: 89.543439
Position eror: 202.363776
Position eror: 298.492766
Position eror: 368.512074
Position eror: 405.444543
Position eror: 405.447795
Position eror: 368.247420
Position eror: 297.241495
Position eror: 199.239653
Position eror: 83.867100
Position eror: 38.083800
Position eror: 153.352351
Position eror: 251.421864
Position eror: 322.500211
Position eror: 359.743765
Position eror: 359.740360
Position eror: 322.769556
Position eror: 252.693268
Position eror: 156.515515
Position eror: 43.720225
Position eror: 75.027246
Position eror: 187.824407
Position eror: 283.945708
Position eror: 353.960700
Position eror: 390.891121
Position eror: 390.894408
Position eror: 353.696262
Position eror: 282.695122
Position eror: 184.702709
Position eror: 69.372523
Position eror: 52.562644
Position eror: 167.888171
Position eror: 265.954741
Position eror: 337.030114
Position eror: 374.272101
Position eror: 374.268762
Position eror: 337.299716
Position eror: 267.226679
Position eror: 171.053632
Position eror: 58.252251
Position eror: 60.516458
Position eror: 173.285437
Position eror: 269.399649
Position eror: 339.410744
Position eror: 376.339263
Position eror: 376.342396
Position eror: 339.145842
Position eror: 268.148292
Position eror: 170.163478
Position eror: 54.884684
Position eror: 67.049397
Position eror: 182.417311
Position eror: 280.483786
Position eror: 351.557605
Position eror: 388.798699
Position eror: 388.795645
Position eror: 351.828008
Position eror: 281.757373
Position eror: 185.586827
Position eror: 72.776011
Position eror: 46.010789
Position eror: 158.744810
Position eror: 254.853177
Position eror: 324.861113
Position eror: 361.787949
Position eror: 361.790746
Position eror: 324.595243
Position eror: 253.600154
Position eror: 155.620840
Position eror: 40.412564
Position eror: 81.541838
Position eror: 196.942391
Position eror: 295.010426
Position eror: 366.083643
Position eror: 403.324376
Position eror: 403.321700
Position eror: 366.355244
Position eror: 296.286276
Position eror: 200.116750
Position eror: 87.295321
Position eror: 31.512750
Position eror: 144.200117
Position eror: 240.304415
Position eror: 310.309916
Position eror: 347.235301
Position eror: 347.237746
Position eror: 310.042886
Position eror: 239.049664
Position eror: 141.075395
Position eror: 26.013901
Position eror: 96.056719

Error at waypoint: 96.056719


